Solver command line: ['/Applications/anaconda/anaconda3/bin/ipopt', '/var/folders/w_/m29zsl5x4ql3k3cxt_mmm8t80000gn/T/tmpb8jb7ohw.pyomo.nl', '-AMPL', 'max_iter=10000', 'acceptable_tol=1e-05']

Ipopt 3.12.12: max_iter=10000
acceptable_tol=1e-05


******************************************************************************
This program contains Ipopt, a library for large-scale nonlinear optimization.
 Ipopt is released as open source code under the Eclipse Public License (EPL).
         For more information visit http://projects.coin-or.org/Ipopt
******************************************************************************

This is Ipopt version 3.12.12, running with linear solver mumps.
NOTE: Other linear solvers might be more efficient (see Ipopt documentation).

Number of nonzeros in equality constraint Jacobian...:     5659
Number of nonzeros in inequality constraint Jacobian.:        0
Number of nonzeros in Lagrangian Hessian.............:     2417

Total number of variables............................:      612
                     variables with only lower bounds:      612
                variables with lower and upper bounds:        0
                     variables with only upper bounds:        0
Total number of equality constraints.................:      577
Total number of inequality constraints...............:        0
        inequality constraints with only lower bounds:        0
   inequality constraints with lower and upper bounds:        0
        inequality constraints with only upper bounds:        0

iter    objective    inf_pr   inf_du lg(mu)  ||d||  lg(rg) alpha_du alpha_pr  ls
   0  4.5087787e+03 9.90e-01 1.01e+02  -1.0 0.00e+00    -  0.00e+00 0.00e+00   0
   1  5.9553403e+03 1.88e-01 2.59e+05  -1.0 9.90e-01    -  1.10e-02 8.11e-01h  1
   2  6.0331122e+03 1.77e-01 2.46e+05  -1.0 6.83e+00   4.0 1.59e-02 5.47e-02h  1
   3  6.0364216e+03 1.77e-01 2.46e+05  -1.0 2.56e+00   4.4 4.80e-01 2.42e-03h  1
   4  6.0455680e+03 1.76e-01 2.45e+05  -1.0 2.12e+00   4.9 1.84e-01 6.77e-03h  1
   5  6.0537489e+03 1.75e-01 2.44e+05  -1.0 1.55e+00   4.4 2.34e-02 6.15e-03h  1
   6  6.1283365e+03 1.65e-01 2.34e+05  -1.0 2.55e+00   3.9 5.57e-02 5.60e-02h  1
   7  6.1295065e+03 1.65e-01 2.34e+05  -1.0 2.02e+00   4.3 1.55e-01 8.85e-04h  1
   8  6.1381118e+03 1.64e-01 2.33e+05  -1.0 2.97e+00   3.8 4.96e-02 6.35e-03h  1
   9  6.1573696e+03 1.61e-01 2.31e+05  -1.0 1.98e+00   4.3 1.42e-01 1.44e-02h  1
iter    objective    inf_pr   inf_du lg(mu)  ||d||  lg(rg) alpha_du alpha_pr  ls
  10  6.2413487e+03 1.51e-01 2.56e+05  -1.0 1.91e+00   4.7 2.23e-01 6.17e-02h  1
  11  6.2980682e+03 1.45e-01 4.91e+05  -1.0 1.72e+00   5.1 6.81e-01 4.26e-02h  1
  12  6.3372759e+03 1.41e-01 3.82e+05  -1.0 2.12e+00   4.6 2.23e-01 2.95e-02h  1
  13  6.3722210e+03 1.37e-01 4.02e+05  -1.0 1.73e+00   5.1 1.00e+00 2.68e-02h  1
  14  6.4295256e+03 1.31e-01 7.16e+05  -1.0 1.68e+00   5.5 2.50e-01 4.37e-02h  1
  15  6.4818891e+03 1.26e-01 7.56e+05  -1.0 2.51e+00   5.0 2.08e-01 3.95e-02h  1
  16  6.4933408e+03 1.25e-01 7.56e+05  -1.0 1.44e+00   5.4 9.42e-01 8.94e-03h  1
  17  6.5582299e+03 1.18e-01 7.21e+05  -1.0 1.85e+00   5.0 2.24e-01 4.89e-02h  1
  18  6.5715113e+03 1.17e-01 6.82e+05  -1.0 1.37e+00   5.4 9.91e-02 1.03e-02h  1
  19  6.5846952e+03 1.16e-01 1.50e+06  -1.0 8.34e+00   4.9 4.81e-04 1.05e-02h  1
iter    objective    inf_pr   inf_du lg(mu)  ||d||  lg(rg) alpha_du alpha_pr  ls
  20  6.5854819e+03 1.16e-01 1.50e+06  -1.0 3.62e+00   5.3 9.08e-06 7.06e-04h  1
  21  6.5865196e+03 1.16e-01 1.50e+06  -1.0 7.43e+00   4.9 9.57e-04 1.06e-03h  1
  22  6.5875745e+03 1.16e-01 2.62e+06  -1.0 5.08e+00   5.3 3.51e-02 9.88e-04h  1
  23  6.5915379e+03 1.15e-01 2.66e+06  -1.0 1.31e+01   4.8 1.07e-03 4.51e-03h  1
  24  6.5922327e+03 1.15e-01 3.18e+06  -1.0 1.08e+01   5.2 4.55e-03 8.79e-04h  1
  25  6.5961097e+03 1.15e-01 6.06e+06  -1.0 8.76e+00   5.7 1.31e-03 3.68e-03h  1
  26  6.6037307e+03 1.14e-01 9.59e+06  -1.0 4.92e+00   6.1 3.37e-03 6.00e-03h  1
  27  6.6039502e+03 1.14e-01 9.59e+06  -1.0 4.57e+00   6.5 1.18e-02 1.65e-04h  1
  28  6.6039867e+03 1.14e-01 9.59e+06  -1.0 4.26e+00   6.9 9.90e-03 2.73e-05h  1
  29  6.6045107e+03 1.14e-01 9.59e+06  -1.0 5.05e+00   6.5 8.12e-03 3.84e-04h  1
iter    objective    inf_pr   inf_du lg(mu)  ||d||  lg(rg) alpha_du alpha_pr  ls
  30  6.6110397e+03 1.13e-01 1.03e+07  -1.0 5.31e+00   6.0 9.21e-03 4.67e-03h  1
  31  6.6221216e+03 1.12e-01 1.67e+07  -1.0 5.08e+00   6.4 5.04e-02 8.14e-03h  1
  32  6.6222784e+03 1.12e-01 1.94e+07  -1.0 5.14e+00   5.9 3.76e-02 1.13e-04h  1
  33  6.6239287e+03 1.12e-01 5.46e+07  -1.0 6.44e+01   5.5 8.46e-03 4.14e-04h  1
  34  6.6267347e+03 1.12e-01 1.06e+08  -1.0 5.13e+01   5.9 4.91e-03 8.95e-04h  1
  35  6.6268418e+03 1.12e-01 1.07e+08  -1.0 2.68e+01   6.3 1.12e-04 5.86e-05h  1
  36  6.6269175e+03 1.12e-01 1.09e+08  -1.0 2.31e+01   6.7 2.20e-04 4.61e-05h  1
  37  6.6271923e+03 1.12e-01 1.10e+08  -1.0 2.07e+01   7.2 2.02e-04 1.63e-04h  1
  38  6.6307204e+03 1.12e-01 7.92e+07  -1.0 1.45e+01   7.6 1.40e-04 2.12e-03h  1
  39  6.6339751e+03 1.12e-01 1.11e+08  -1.0 8.79e+00   8.0 2.64e-03 2.19e-03h  1
iter    objective    inf_pr   inf_du lg(mu)  ||d||  lg(rg) alpha_du alpha_pr  ls
  40  6.6361198e+03 1.12e-01 4.46e+08  -1.7 6.79e+00   8.4 8.89e-03 1.52e-03h  1
  41  6.6421210e+03 1.11e-01 1.88e+09  -1.7 6.16e+00   8.9 1.47e-02 4.32e-03h  1
  42  6.6491720e+03 1.11e-01 3.09e+10  -1.7 4.92e+00   9.3 1.42e-01 5.25e-03h  1
  43  6.6492750e+03 1.11e-01 6.50e+10  -1.7 4.59e+00   9.7 8.02e-02 7.95e-05h  1
  44  6.6580961e+03 1.10e-01 6.95e+10  -1.7 6.92e+00   9.2 4.27e-02 7.12e-03h  1
  45  6.6581780e+03 1.10e-01 8.61e+10  -1.7 6.40e+00   9.7 3.99e-02 6.87e-05h  1
  46  6.6592836e+03 1.10e-01 8.94e+10  -1.7 7.00e+00   9.2 1.16e-02 1.02e-03h  1
  47  6.6595959e+03 1.10e-01 8.55e+10  -1.7 1.97e+01   8.7 7.16e-03 3.27e-04h  1
  48r 6.6595959e+03 1.10e-01 1.00e+03  -1.0 0.00e+00   8.2 0.00e+00 4.20e-07R  4
  49r 6.7514361e+03 5.65e-02 1.00e+03  -1.0 1.04e+02    -  5.87e-03 1.04e-03f  1
iter    objective    inf_pr   inf_du lg(mu)  ||d||  lg(rg) alpha_du alpha_pr  ls
  50  6.7514617e+03 5.65e-02 6.74e+02  -1.7 3.43e+01    -  2.91e-03 3.55e-05f  1
  51  6.7530800e+03 5.62e-02 2.19e+03  -1.7 4.34e+01    -  2.42e-03 4.94e-03f  1
  52  6.7547376e+03 5.62e-02 2.07e+03  -1.7 2.26e+01    -  1.98e-04 7.10e-04h  1
  53  6.7621803e+03 5.60e-02 1.18e+03  -1.7 2.90e+01    -  6.91e-04 3.07e-03h  1
  54  6.7620669e+03 5.60e-02 1.18e+03  -1.7 1.11e+02    -  2.38e-04 6.33e-05h  1
  55  6.7619425e+03 5.60e-02 1.03e+03  -1.7 1.24e+02    -  8.96e-07 6.16e-05h  1
  56r 6.7619425e+03 5.60e-02 9.99e+02  -1.3 0.00e+00   7.8 0.00e+00 1.40e-07R  2
  57r 7.4244924e+03 1.50e-02 9.95e+02  -1.3 2.07e+01    -  7.78e-03 1.98e-03f  1
  58  7.4260443e+03 1.50e-02 1.95e+03  -1.7 2.83e+01    -  2.36e-03 4.26e-03f  1
  59  7.4193967e+03 1.49e-02 1.92e+03  -1.7 3.33e+01    -  5.55e-04 1.63e-03f  1
iter    objective    inf_pr   inf_du lg(mu)  ||d||  lg(rg) alpha_du alpha_pr  ls
  60  7.4074249e+03 1.49e-02 1.81e+03  -1.7 1.94e+01    -  4.01e-03 5.37e-03f  1
  61  7.4022285e+03 1.48e-02 1.88e+03  -1.7 3.70e+01    -  1.10e-04 1.90e-03f  1
  62  7.3989309e+03 1.48e-02 1.90e+03  -1.7 1.34e+01    -  6.45e-03 3.68e-03f  1
  63  7.3985651e+03 1.48e-02 1.90e+03  -1.7 7.72e+00    -  5.46e-02 1.10e-03h  1
  64  7.3948192e+03 1.46e-02 2.38e+03  -1.7 7.05e+00    -  3.26e-02 1.35e-02h  1
  65  7.3956385e+03 1.45e-02 3.83e+03  -1.7 4.07e+01    -  4.16e-05 1.46e-03h  1
  66  7.3959606e+03 1.45e-02 4.12e+03  -1.7 2.57e+01    -  1.17e-02 8.17e-04h  1
  67  7.3959791e+03 1.45e-02 3.49e+04  -1.7 1.54e+01    -  6.83e-03 1.63e-05h  1
  68  7.4167680e+03 1.38e-02 3.58e+04  -1.7 7.59e-03   7.3 2.69e-03 4.75e-02h  1
  69  7.4158853e+03 1.38e-02 9.59e+04  -1.7 3.74e+01    -  2.61e-06 1.18e-03h  1
iter    objective    inf_pr   inf_du lg(mu)  ||d||  lg(rg) alpha_du alpha_pr  ls
  70  7.4139457e+03 1.38e-02 4.27e+04  -1.7 5.79e+01    -  7.76e-04 1.17e-03f  1
  71  7.4139234e+03 1.38e-02 4.27e+04  -1.7 3.46e+01    -  1.15e-03 1.95e-05h  1
  72r 7.4139234e+03 1.38e-02 1.00e+03  -1.7 0.00e+00    -  0.00e+00 3.15e-07R  4
  73r 8.2176385e+03 2.38e-03 9.89e+02  -1.7 4.13e+00    -  1.82e-02 2.87e-03f  1
  74  8.2176412e+03 2.38e-03 1.67e+03  -1.7 2.38e-01    -  6.97e-02 2.54e-04f  1
  75  8.2163673e+03 2.35e-03 7.94e+03  -1.7 2.91e+00    -  9.82e-02 7.29e-03h  1
  76  8.2178131e+03 1.91e-03 8.09e+03  -1.7 2.34e-03   6.8 5.33e-02 1.87e-01h  1
  77  8.2201643e+03 1.90e-03 8.63e+03  -1.7 1.21e+01    -  2.63e-04 1.75e-03h  1
  78  8.1623235e+03 2.11e-03 4.38e+05  -1.7 1.08e+00    -  2.42e-04 2.19e-01f  1
  79  8.1617328e+03 2.11e-03 5.47e+05  -1.7 9.59e-01    -  4.95e-01 3.85e-03h  1
iter    objective    inf_pr   inf_du lg(mu)  ||d||  lg(rg) alpha_du alpha_pr  ls
  80  8.1618277e+03 2.11e-03 5.47e+05  -1.7 4.32e+00    -  6.10e-04 2.13e-04h  1
  81  8.1352680e+03 1.74e-03 2.70e+05  -1.7 8.91e-01    -  3.75e-04 1.82e-01f  1
  82  8.1349460e+03 1.74e-03 4.37e+05  -1.7 9.84e-01    -  1.71e-01 3.17e-03h  1
  83  8.1351453e+03 1.73e-03 4.45e+05  -1.7 2.51e+00    -  1.20e-02 1.37e-03h  1
  84  8.1352382e+03 1.73e-03 4.47e+05  -1.7 9.42e-01    -  3.11e-03 7.75e-04h  1
  85  8.1336494e+03 1.72e-03 4.38e+05  -1.7 1.63e+00    -  3.13e-04 7.69e-03f  1
  86  8.1338883e+03 1.71e-03 4.30e+05  -1.7 5.36e-01    -  1.61e-03 7.17e-03f  1
  87  8.1337633e+03 1.65e-03 3.90e+05  -1.7 8.06e-01    -  7.40e-03 3.76e-02h  1
  88  8.1337044e+03 1.65e-03 3.97e+05  -1.7 6.78e-01    -  1.39e-02 3.70e-03h  1
  89  8.1352288e+03 1.64e-03 3.95e+05  -1.7 3.27e+00    -  1.08e-03 2.38e-03h  1
iter    objective    inf_pr   inf_du lg(mu)  ||d||  lg(rg) alpha_du alpha_pr  ls
  90  8.1359910e+03 1.63e-03 4.05e+05  -1.7 6.19e-01    -  2.59e-02 8.30e-03h  1
  91  8.1359897e+03 1.63e-03 4.09e+05  -1.7 8.89e-01    -  4.93e-03 1.56e-04h  1
  92  8.1381994e+03 1.51e-03 3.25e+05  -1.7 2.23e-01    -  1.56e-03 7.19e-02h  1
  93  8.1396862e+03 1.44e-03 3.76e+05  -1.7 2.30e-01    -  1.37e-01 4.98e-02h  1
  94  8.1397456e+03 1.44e-03 4.21e+05  -1.7 1.19e-01    -  6.97e-02 1.79e-03h  1
  95  8.1384955e+03 1.39e-03 3.90e+05  -1.7 5.91e-01    -  1.26e-02 3.65e-02h  1
  96  8.1509619e+03 1.03e-03 1.65e+05  -1.7 1.66e-01    -  8.89e-02 2.80e-01h  1
  97  8.1500583e+03 9.81e-04 1.52e+05  -1.7 2.95e-01    -  4.50e-02 5.26e-02h  1
  98  8.1492496e+03 9.72e-04 1.66e+05  -1.7 9.27e-01    -  4.32e-02 1.33e-02h  1
  99  8.1493209e+03 9.64e-04 1.62e+05  -1.7 1.32e-02   6.3 3.28e-03 7.50e-03h  1
iter    objective    inf_pr   inf_du lg(mu)  ||d||  lg(rg) alpha_du alpha_pr  ls
 100  8.1495193e+03 9.42e-04 1.52e+05  -1.7 1.54e-02   5.9 1.64e-02 2.27e-02h  1
 101  8.1500722e+03 8.81e-04 1.22e+05  -1.7 1.57e-02   5.4 4.23e-02 6.51e-02h  1
 102  8.1503777e+03 8.48e-04 7.45e+04  -2.5 1.60e-02   4.9 8.19e-02 3.72e-02h  1
 103  8.1515716e+03 7.32e-04 1.71e+05  -2.5 1.88e-02   4.4 1.02e-01 1.38e-01h  1
 104  8.1560092e+03 3.71e-04 4.65e+05  -2.5 1.71e-02   3.9 2.93e-01 4.98e-01h  1
 105  8.1580976e+03 1.77e-04 7.61e+05  -2.5 7.99e-03   4.4 7.34e-01 5.24e-01h  1
 106  8.1590357e+03 7.56e-05 4.20e+05  -2.5 4.12e-03   3.9 5.12e-01 5.76e-01h  1
 107  8.1590358e+03 7.43e-05 5.81e+05  -2.5 1.05e-06  11.7 1.00e+00 1.00e+00h  1
 108  8.1590421e+03 7.37e-05 3.98e+06  -2.5 8.59e-04  11.3 1.53e-03 8.02e-03h  1
 109  8.1590427e+03 7.37e-05 3.98e+06  -5.7 8.55e-04  10.8 1.13e-02 7.48e-04h  1
iter    objective    inf_pr   inf_du lg(mu)  ||d||  lg(rg) alpha_du alpha_pr  ls
 110  8.1591296e+03 6.55e-05 8.98e+07  -5.7 8.50e-04  10.3 1.26e-02 1.11e-01h  1
 111  8.1591296e+03 6.55e-05 8.98e+07  -5.7 7.62e-04   9.8 1.27e-01 8.47e-05h  1
 112  8.1591507e+03 6.35e-05 8.77e+07  -5.7 7.61e-04   9.4 1.30e-01 3.00e-02h  1
 113r 8.1591507e+03 6.35e-05 1.00e+03  -4.2 0.00e+00  14.3 0.00e+00 2.52e-07R 10
 114r 8.1584459e+03 2.68e-05 9.93e+02  -4.2 1.40e+01    -  1.49e-01 7.34e-04f  1
 115  7.0066109e+03 1.53e-03 7.35e+02  -5.7 9.64e-02    -  5.10e-01 9.97e-01f  1
 116  6.0669437e+03 1.20e-02 2.78e+03  -5.7 1.60e-01    -  3.43e-01 8.59e-01f  1
 117  5.9013517e+03 1.62e-02 2.52e+03  -5.7 5.85e+00    -  1.89e-02 1.26e-01f  1
 118  5.8314036e+03 1.53e-02 2.31e+03  -5.7 2.86e-01    -  1.28e-01 5.93e-02f  1
 119  5.7320600e+03 1.54e-02 2.07e+03  -5.7 3.01e+00    -  1.44e-01 8.52e-02f  1
iter    objective    inf_pr   inf_du lg(mu)  ||d||  lg(rg) alpha_du alpha_pr  ls
 120  5.6225742e+03 1.58e-02 1.93e+03  -5.7 2.99e+00    -  2.11e-02 9.66e-02f  1
 121  5.5597191e+03 1.59e-02 1.78e+03  -5.7 5.13e+00    -  1.07e-01 5.56e-02f  1
 122  5.4054613e+03 1.68e-02 1.56e+03  -5.7 1.52e+00    -  9.38e-02 1.51e-01f  1
 123  5.2774477e+03 1.72e-02 1.34e+03  -5.7 1.34e+00    -  1.45e-01 1.34e-01f  1
 124  5.2031029e+03 1.78e-02 1.22e+03  -5.7 3.40e+00    -  9.45e-02 8.04e-02f  1
 125  5.1515022e+03 1.74e-02 1.14e+03  -5.7 1.08e+00    -  7.25e-02 5.86e-02f  1
 126  5.0743313e+03 1.72e-02 1.06e+03  -5.7 1.20e+00    -  5.58e-02 9.29e-02f  1
 127  5.0509517e+03 1.70e-02 1.01e+03  -5.7 1.54e+00    -  5.22e-02 2.85e-02f  1
 128  4.9783511e+03 1.59e-02 9.50e+02  -5.7 6.85e-01    -  4.43e-02 9.78e-02f  1
 129  4.9320173e+03 1.79e-02 9.19e+02  -5.7 1.94e+00    -  1.69e-02 6.31e-02f  1
iter    objective    inf_pr   inf_du lg(mu)  ||d||  lg(rg) alpha_du alpha_pr  ls
 130r 4.9320173e+03 1.79e-02 1.00e+03  -1.7 0.00e+00  13.8 0.00e+00 2.51e-07R  5
 131r 4.9112886e+03 7.79e-03 9.98e+02  -1.7 1.53e+01    -  3.34e-03 1.82e-03f  1
 132  4.8899586e+03 7.50e-03 1.75e+02  -5.7 1.86e-01    -  1.96e-01 3.84e-02f  1
 133  4.7688868e+03 6.19e-03 1.37e+02  -5.7 1.94e-01    -  4.34e-01 2.38e-01f  1
 134  4.5451895e+03 1.66e-02 7.01e+01  -5.7 2.24e-01    -  1.64e-01 6.01e-01f  1
 135  4.4351470e+03 1.58e-02 3.34e+01  -5.7 1.94e-01    -  4.46e-01 6.12e-01f  1
 136  4.4014994e+03 1.49e-02 2.35e+01  -5.7 2.72e-01    -  5.14e-03 4.50e-01f  1
 137  4.3806273e+03 1.97e-02 2.94e+01  -5.7 2.98e-01    -  2.77e-01 7.09e-01f  1
 138  4.3758087e+03 1.76e-02 3.46e+01  -5.7 4.88e-01    -  1.13e-01 4.48e-01h  1
 139  4.3743827e+03 1.44e-02 3.22e+01  -5.7 3.89e-01    -  1.54e-01 2.91e-01h  1
iter    objective    inf_pr   inf_du lg(mu)  ||d||  lg(rg) alpha_du alpha_pr  ls
 140  4.3739065e+03 1.37e-02 2.72e+01  -5.7 9.97e-01    -  1.16e-01 4.90e-02h  1
 141  4.3720878e+03 1.89e-02 2.97e+01  -5.7 1.02e+00    -  3.40e-02 2.04e-01h  1
 142  4.3719311e+03 1.77e-02 2.50e+01  -5.7 3.56e-01    -  1.20e-01 6.53e-02h  1
 143  4.3719311e+03 1.77e-02 1.91e+06  -5.7 1.23e-05  13.3 3.55e-03 7.05e-03h  1
 144r 4.3719311e+03 1.77e-02 9.99e+02  -1.8 0.00e+00  12.9 0.00e+00 3.31e-07R  4
 145r 4.3720686e+03 1.75e-02 9.99e+02  -1.8 3.23e+02    -  5.07e-07 1.51e-05f  1
 146r 4.3717338e+03 1.54e-02 9.99e+02  -1.8 2.98e+02    -  7.11e-05 1.31e-04f  1
 147  4.3717312e+03 1.54e-02 9.05e+01  -5.7 3.52e-01    -  8.28e-02 3.41e-04h  1
 148  4.3707450e+03 1.32e-02 7.30e+01  -5.7 3.91e-01    -  2.06e-01 1.93e-01f  1
 149  4.3696633e+03 1.02e-02 5.46e+01  -5.7 1.87e-01    -  1.29e-01 2.70e-01h  1
iter    objective    inf_pr   inf_du lg(mu)  ||d||  lg(rg) alpha_du alpha_pr  ls
 150  4.3689513e+03 7.93e-03 4.18e+01  -5.7 1.78e-01    -  4.16e-01 2.16e-01h  1
 151  4.3686064e+03 6.85e-03 3.72e+01  -5.7 3.85e-01    -  3.86e-02 1.09e-01h  1
 152  4.3681553e+03 5.89e-03 3.15e+01  -5.7 4.21e-01    -  2.16e-01 1.53e-01h  1
 153  4.3680047e+03 5.57e-03 2.95e+01  -5.7 4.40e-01    -  7.45e-02 6.28e-02h  1
 154  4.3672148e+03 5.57e-03 1.73e+01  -5.7 3.97e-01    -  2.17e-01 4.14e-01f  1
 155  4.3669728e+03 4.36e-03 1.25e+01  -5.7 2.49e-01    -  1.70e-01 2.79e-01h  1
 156  4.3668515e+03 3.50e-03 9.69e+00  -5.7 2.04e-01    -  2.73e-01 2.25e-01h  1
 157  4.3666725e+03 3.49e-02 1.02e+01  -5.7 2.12e+00    -  3.11e-01 1.17e-01h  1
 158  4.3663169e+03 2.51e-01 5.45e+00  -5.7 1.38e+00    -  1.54e-01 3.62e-01h  1
 159  4.3662858e+03 2.47e-01 5.30e+00  -5.7 4.42e+00    -  1.61e-02 2.90e-02h  1
iter    objective    inf_pr   inf_du lg(mu)  ||d||  lg(rg) alpha_du alpha_pr  ls
 160r 4.3662858e+03 2.47e-01 9.99e+02  -0.6 0.00e+00  12.4 0.00e+00 3.66e-07R  8
 161r 4.3662921e+03 2.47e-01 9.99e+02  -0.6 2.75e+03    -  2.38e-05 3.55e-06f  1
 162r 4.3678095e+03 6.99e-02 9.99e+02  -0.6 1.53e+02    -  8.66e-06 1.24e-03f  1
 163r 4.3679092e+03 6.43e-02 9.98e+02  -0.6 7.99e+00   2.0 1.19e-03 1.08e-03f  1
 164r 4.3687954e+03 3.68e-02 9.96e+02  -0.6 9.64e+00   1.5 2.56e-03 3.54e-03f  1
 165r 4.3690933e+03 3.33e-02 9.95e+02  -0.6 1.26e+01   1.0 1.09e-03 8.09e-04f  1
 166r 4.3700103e+03 1.87e-02 9.90e+02  -0.6 3.27e+00   1.5 1.05e-02 5.25e-03f  1
 167r 4.3728364e+03 9.68e-03 9.76e+02  -0.6 2.50e+00   1.0 2.24e-02 1.25e-02f  1
 168r 4.3786443e+03 5.26e-03 9.39e+02  -0.6 1.12e+00   1.4 3.65e-02 3.82e-02f  1
 169r 4.3817955e+03 5.13e-03 8.39e+02  -0.6 1.62e-01   1.8 2.33e-01 4.19e-02f  1
iter    objective    inf_pr   inf_du lg(mu)  ||d||  lg(rg) alpha_du alpha_pr  ls
 170r 4.3996227e+03 4.37e-03 6.81e+02  -0.6 2.16e-01   1.4 1.85e-01 1.94e-01f  1
 171r 4.5223445e+03 4.55e-02 5.39e+02  -0.6 5.08e-01   0.9 3.07e-01 5.24e-01f  1
 172r 4.6550518e+03 8.40e-03 4.60e+01  -0.6 1.57e-01   1.3 1.00e+00 7.76e-01f  1
 173r 5.1693711e+03 3.20e-01 3.81e+01  -0.6 2.63e+00    -  2.48e-01 3.95e-01f  1
 174r 5.3333021e+03 3.13e-01 3.07e+01  -0.6 2.87e+00    -  3.59e-02 8.92e-02f  1
 175r 6.3431296e+03 2.21e-01 4.42e+01  -0.6 1.23e+00    -  3.50e-01 5.54e-01f  1
 176r 7.1222300e+03 1.51e-01 3.50e+01  -0.6 7.58e-01    -  1.90e-01 4.72e-01f  1
 177r 7.4993262e+03 9.35e-02 3.18e+01  -0.6 1.19e+00    -  7.08e-01 3.70e-01f  1
 178r 8.0232202e+03 5.58e-02 1.53e+01  -0.6 3.36e-01    -  7.86e-01 7.78e-01f  1
 179r 7.5441507e+03 1.19e-03 1.54e+00  -1.3 4.61e-02   0.8 9.11e-01 1.00e+00f  1
iter    objective    inf_pr   inf_du lg(mu)  ||d||  lg(rg) alpha_du alpha_pr  ls
 180  7.5049526e+03 1.98e-03 1.66e+02  -5.7 4.61e+00    -  3.28e-02 1.15e-02f  3
 181  7.4834242e+03 2.23e-03 1.65e+02  -5.7 5.08e+00    -  1.30e-01 6.23e-03f  3
 182  7.4695040e+03 2.31e-03 1.65e+02  -5.7 3.87e+00    -  1.06e-01 4.03e-03f  3
 183  7.4562378e+03 2.38e-03 1.64e+02  -5.7 3.46e+00    -  1.32e-01 3.89e-03f  3
 184  7.4410149e+03 2.46e-03 1.63e+02  -5.7 3.27e+00    -  1.27e-01 4.54e-03f  4
 185  7.3040553e+03 9.36e-03 2.40e+02  -5.7 2.88e+00    -  1.74e-01 4.22e-02f  1
 186  7.2514711e+03 9.80e-03 2.53e+02  -5.7 1.74e+00    -  1.30e-01 1.57e-02f  1
 187  7.0550218e+03 1.48e-02 4.64e+02  -5.7 1.28e+00    -  7.37e-02 6.30e-02f  1
 188  7.0549479e+03 1.47e-02 3.54e+07  -5.7 1.23e-02  11.9 1.54e-05 2.60e-03h  1
 189r 7.0549479e+03 1.47e-02 9.99e+02  -1.8 0.00e+00  11.4 0.00e+00 2.52e-09R  2
iter    objective    inf_pr   inf_du lg(mu)  ||d||  lg(rg) alpha_du alpha_pr  ls
 190r 7.1295206e+03 2.77e-02 9.99e+02  -1.8 1.44e+03    -  2.01e-04 2.11e-04f  1
 191r 7.1294866e+03 2.87e-02 9.50e+02  -1.8 1.31e+01    -  9.08e-02 1.60e-03f  1
 192r 7.3759574e+03 2.82e-02 7.78e+02  -1.8 1.30e+00    -  4.97e-01 8.74e-02f  1
 193r 8.0197034e+03 2.21e-02 3.63e+02  -1.8 2.36e-01    -  6.37e-01 4.34e-01f  1
 194r 8.3676655e+03 9.94e-03 1.42e+02  -1.8 1.15e-01    -  1.00e+00 6.29e-01f  1
 195  8.2522584e+03 1.16e-02 3.77e+02  -5.7 2.60e+00    -  5.44e-02 2.92e-02f  2
 196  8.1402336e+03 1.17e-02 7.00e+02  -5.7 2.31e+00    -  1.49e-01 2.86e-02f  2
 197  8.0266062e+03 1.13e-02 9.12e+02  -5.7 1.94e+00    -  1.65e-01 2.95e-02f  1
 198  7.8819240e+03 1.07e-02 1.27e+03  -5.7 1.46e+00    -  2.04e-01 3.83e-02f  1
 199  7.7942937e+03 1.05e-02 1.38e+03  -5.7 1.32e+00    -  3.62e-01 2.34e-02f  1
iter    objective    inf_pr   inf_du lg(mu)  ||d||  lg(rg) alpha_du alpha_pr  ls
 200  7.7842331e+03 1.04e-02 1.37e+03  -5.7 1.17e+00    -  8.23e-02 2.81e-03f  1
 201  7.6022022e+03 1.10e-02 3.39e+03  -5.7 1.13e+00    -  9.53e-02 5.46e-02f  2
 202  7.6022019e+03 1.10e-02 2.14e+05  -5.7 7.48e-03  11.0 3.34e-01 2.20e-04h  1
 203r 7.6022019e+03 1.10e-02 1.00e+03  -2.0 0.00e+00  10.5 0.00e+00 4.43e-07R  4
 204r 7.6086143e+03 6.10e-03 9.79e+02  -2.0 1.29e+01    -  6.01e-02 1.41e-03f  1
 205  7.5678083e+03 6.07e-03 1.68e+02  -5.7 3.97e+00    -  3.83e-02 1.14e-02f  1
 206  7.5197346e+03 6.04e-03 3.12e+02  -5.7 2.60e+00    -  5.51e-03 1.43e-02f  1
 207  7.4999545e+03 6.01e-03 3.38e+02  -5.7 1.44e+01    -  3.10e-02 5.80e-03f  1
 208  7.3912486e+03 6.16e-03 1.33e+03  -5.7 1.37e+00    -  1.48e-01 3.29e-02f  1
 209  7.2029463e+03 6.62e-03 4.58e+03  -5.7 1.20e+00    -  1.48e-01 5.90e-02f  1
iter    objective    inf_pr   inf_du lg(mu)  ||d||  lg(rg) alpha_du alpha_pr  ls
 210  7.0866120e+03 6.62e-03 5.63e+03  -5.7 1.26e+00    -  7.80e-02 3.68e-02f  1
 211  6.8895540e+03 6.58e-03 9.83e+03  -5.7 1.55e+00    -  1.38e-01 6.54e-02f  1
 212  6.8557871e+03 6.59e-03 9.74e+03  -5.7 6.83e+00    -  1.11e-02 9.18e-03f  1
 213  6.8557871e+03 6.59e-03 1.03e+04  -5.7 5.68e-03  10.0 9.65e-05 3.00e-05h  1
 214r 6.8557871e+03 6.59e-03 9.99e+02  -2.2 0.00e+00   9.5 0.00e+00 2.52e-09R  2
 215r 6.8982813e+03 6.49e-03 9.99e+02  -2.2 4.58e+03    -  1.72e-04 2.44e-05f  1
 216r 6.9001166e+03 2.81e-03 9.42e+02  -2.2 2.19e+01    -  1.58e-01 1.41e-03f  1
 217  6.6500279e+03 5.22e-03 1.39e+02  -5.7 1.27e+00    -  6.06e-02 6.95e-02f  1
 218  6.5937126e+03 5.25e-03 3.98e+02  -5.7 4.00e+00    -  3.21e-02 1.95e-02f  1
 219  6.5937137e+03 5.24e-03 8.24e+03  -5.7 2.58e-03   9.0 5.89e-05 2.85e-03h  1
iter    objective    inf_pr   inf_du lg(mu)  ||d||  lg(rg) alpha_du alpha_pr  ls
 220  6.5937125e+03 5.24e-03 8.93e+03  -5.7 7.44e-03   8.6 2.97e-06 2.80e-04h  1
 221  6.5935177e+03 4.99e-03 2.69e+06  -5.7 7.43e-03   8.1 2.12e-03 4.68e-02h  1
 222  6.5934900e+03 4.96e-03 2.69e+06  -5.7 7.09e-03   7.6 4.89e-02 7.06e-03h  1
 223  6.5933913e+03 4.83e-03 2.70e+06  -5.7 7.02e-03   7.1 8.99e-01 2.54e-02h  1
 224  6.5932758e+03 4.69e-03 2.66e+06  -5.7 6.87e-03   6.7 7.21e-02 2.93e-02h  1
 225  6.5928125e+03 4.12e-03 2.57e+06  -5.7 6.64e-03   6.2 9.68e-01 1.22e-01f  1
 226  6.5895594e+03 2.05e-05 4.88e+06  -5.7 5.75e-03   5.7 4.11e-01 1.00e+00h  1
 227  6.5895594e+03 2.05e-05 4.88e+06  -5.7 1.41e-05  11.6 7.39e-04 3.84e-04h  2
 228  6.5895594e+03 2.05e-05 4.88e+06  -5.7 5.06e-06  12.0 1.14e-03 5.80e-04h  2
 229  6.5895594e+03 2.05e-05 4.88e+06  -5.7 1.64e-05  11.5 1.44e-03 1.12e-04h  2
iter    objective    inf_pr   inf_du lg(mu)  ||d||  lg(rg) alpha_du alpha_pr  ls
 230  6.5895594e+03 2.05e-05 4.88e+06  -5.7 5.68e-06  11.9 8.37e-04 3.98e-04h  2
 231  6.5895594e+03 2.05e-05 4.88e+06  -5.7 2.13e-05  11.5 1.64e-03 2.78e-04h  2
 232  6.5895594e+03 2.05e-05 4.88e+06  -5.7 6.37e-06  11.9 4.05e-03 1.56e-03h  2
 233  6.5895594e+03 2.05e-05 4.88e+06  -5.7 2.70e-05  11.4 1.58e-03 5.70e-04h  2
 234  6.5895594e+03 2.05e-05 4.88e+06  -5.7 7.13e-06  11.8 2.00e-02 2.53e-03h  2
 235  6.5895594e+03 2.05e-05 4.88e+06  -5.7 3.57e-05  11.3 1.66e-03 4.06e-04h  3
 236  6.5895594e+03 2.05e-05 4.88e+06  -5.7 8.02e-06  11.8 5.62e-02 4.18e-03h  2
 237  6.5895593e+03 2.05e-05 4.87e+06  -5.7 2.32e-05  11.3 1.20e-02 1.73e-03w  1
 238  6.5895593e+03 2.05e-05 4.87e+06  -5.7 1.99e-05  11.7 4.18e-04 7.08e-06w  1
 239  6.5895593e+03 2.05e-05 4.87e+06  -5.7 3.70e-06  12.1 1.52e-02 8.46e-03w  1
iter    objective    inf_pr   inf_du lg(mu)  ||d||  lg(rg) alpha_du alpha_pr  ls
 240  6.5895586e+03 2.02e-05 3.34e+08  -5.7 2.53e-05  11.7 6.68e-07 1.46e-02h  1
 241  6.5895570e+03 1.95e-05 3.23e+08  -5.7 2.50e-05  11.2 4.71e-02 3.47e-02h  1
 242  6.5895112e+03 4.10e-10 1.76e+08  -5.7 2.35e-05  10.7 7.07e-02 1.00e+00f  1
 243  6.5895112e+03 1.04e-07 1.77e+08  -5.7 9.67e-06  13.9 4.81e-04 1.64e-03f  2
 244  6.5895112e+03 1.88e-07 1.77e+08  -5.7 1.04e-06  14.3 1.56e-03 8.97e-03f  2
 245  6.5895112e+03 2.27e-07 1.77e+08  -5.7 2.30e-04  13.8 3.69e-07 2.91e-05f  2
 246r 6.5895112e+03 2.27e-07 1.00e+03  -5.7 0.00e+00  14.2 0.00e+00 4.69e-07R 14
 247r 6.6026829e+03 1.59e-04 9.55e+02  -5.7 1.81e+00    -  1.70e-01 2.42e-02f  1
 248r 6.6051603e+03 1.42e-04 8.49e+02  -5.7 2.26e-02    -  1.31e-01 1.09e-01h  1
 249r 6.6107394e+03 1.20e-04 6.00e+02  -5.7 1.62e-02    -  9.90e-01 1.59e-01h  1
iter    objective    inf_pr   inf_du lg(mu)  ||d||  lg(rg) alpha_du alpha_pr  ls
 250r 6.6319264e+03 3.60e-04 1.74e+02  -5.7 7.07e-02    -  9.90e-01 6.41e-01h  1
 251r 6.6447320e+03 8.67e-05 3.14e+00  -5.7 1.46e-02    -  9.91e-01 1.00e+00h  1
 252r 6.6484752e+03 3.87e-05 1.28e-01  -5.7 2.47e-02    -  1.00e+00 1.00e+00h  1
 253r 6.6511235e+03 4.57e-05 1.06e-02  -5.7 2.62e-02    -  1.00e+00 1.00e+00h  1
 254r 6.6496479e+03 5.16e-06 2.76e-04  -5.7 9.86e-03    -  1.00e+00 1.00e+00h  1
 255r 6.6493719e+03 1.96e-07 1.47e-05  -5.7 1.91e-03    -  1.00e+00 1.00e+00h  1
 256  5.1501840e+03 5.39e-02 9.29e+01  -5.7 3.20e-01    -  2.74e-01 6.89e-01f  1
 257  4.8279437e+03 4.39e-02 6.26e+01  -5.7 3.20e-01    -  3.37e-01 3.16e-01f  1
 258  4.6087866e+03 5.26e-02 4.08e+01  -5.7 9.49e-01    -  3.45e-01 3.59e-01f  1
 259  4.4614975e+03 4.36e-02 2.21e+01  -5.7 4.42e-01    -  4.68e-01 4.84e-01f  1
iter    objective    inf_pr   inf_du lg(mu)  ||d||  lg(rg) alpha_du alpha_pr  ls
 260r 4.4614975e+03 4.36e-02 9.99e+02  -1.4 0.00e+00  13.8 0.00e+00 3.98e-07R 14
 261r 4.4541406e+03 1.85e-02 9.96e+02  -1.4 4.76e+01    -  4.45e-03 1.36e-03f  1
 262  4.4536655e+03 1.84e-02 9.11e+01  -5.7 6.18e-01    -  3.87e-01 4.08e-03h  1
 263  4.4040398e+03 4.16e-02 4.73e+01  -5.7 8.21e-01    -  3.70e-01 4.83e-01f  1
 264  4.3934611e+03 3.42e-02 3.57e+01  -5.7 1.19e+00    -  2.45e-01 2.46e-01f  1
 265  4.3873638e+03 2.88e-02 2.83e+01  -5.7 1.35e+00    -  2.52e-01 2.05e-01h  1
 266  4.3853793e+03 2.75e-02 2.69e+01  -5.7 3.07e+00    -  3.42e-02 5.02e-02h  1
 267  4.3839335e+03 2.64e-02 2.58e+01  -5.7 2.26e+00    -  6.68e-02 4.09e-02h  1
 268  4.3806086e+03 2.66e-02 2.35e+01  -5.7 2.79e+00    -  8.22e-02 8.90e-02f  1
 269  4.3777596e+03 3.42e-02 2.21e+01  -5.7 3.10e+00    -  1.14e-01 6.30e-02h  1
iter    objective    inf_pr   inf_du lg(mu)  ||d||  lg(rg) alpha_du alpha_pr  ls
 270  4.3777597e+03 3.42e-02 7.25e+06  -5.7 5.58e-05  13.3 7.16e-03 6.91e-03h  1
 271r 4.3777597e+03 3.42e-02 9.99e+02  -1.5 0.00e+00  12.8 0.00e+00 1.80e-07R  2
 272r 4.3772498e+03 1.66e-02 9.94e+02  -1.5 3.52e+01    -  1.04e-02 9.63e-04f  1
 273  4.3725609e+03 1.34e-02 8.50e+01  -5.7 3.37e+00    -  2.36e-01 2.00e-01h  1
 274  4.3668258e+03 3.54e-02 5.89e+01  -5.7 3.77e+00    -  4.29e-01 3.35e-01h  1
 275  4.3635548e+03 2.50e-02 3.65e+01  -5.7 3.69e+00    -  2.09e-01 3.12e-01h  1
 276  4.3627861e+03 2.05e-02 3.16e+01  -5.7 4.25e+00    -  1.80e-02 1.25e-01h  1
 277  4.3625151e+03 2.04e-02 3.06e+01  -5.7 3.82e+00    -  4.79e-02 2.92e-02h  1
 278  4.3620868e+03 2.06e-02 3.01e+01  -5.7 1.23e+01    -  2.63e-05 1.66e-02f  1
 279  4.3620869e+03 2.06e-02 4.93e+05  -5.7 3.49e-04  12.3 2.80e-05 6.77e-04h  1
iter    objective    inf_pr   inf_du lg(mu)  ||d||  lg(rg) alpha_du alpha_pr  ls
 280r 4.3620869e+03 2.06e-02 9.99e+02  -1.7 0.00e+00  11.8 0.00e+00 6.63e-08R  2
 281r 4.3654900e+03 2.05e-02 9.99e+02  -1.7 1.86e+04    -  1.71e-06 1.22e-06f  1
 282r 4.3692812e+03 8.84e-03 9.98e+02  -1.7 7.18e+01    -  1.38e-03 9.94e-04f  1
 283  4.3640855e+03 2.29e-02 8.23e+01  -5.7 4.53e+00    -  1.39e-01 2.37e-01h  1
 284  4.3627117e+03 2.11e-02 7.46e+01  -5.7 1.50e+00    -  6.21e-02 9.43e-02f  1
 285  4.3624692e+03 2.08e-02 7.34e+01  -5.7 3.32e+00    -  4.09e-02 1.42e-02f  1
 286  4.3607607e+03 5.44e-02 6.69e+01  -5.7 4.22e+00    -  5.94e-02 8.38e-02f  1
 287  4.3596751e+03 5.50e-02 6.11e+01  -5.7 1.09e+00    -  1.78e-01 8.11e-02h  1
 288  4.3581634e+03 5.29e-02 5.24e+01  -5.7 1.30e+00    -  4.17e-01 1.32e-01h  1
 289  4.3579526e+03 5.17e-02 5.10e+01  -5.7 5.41e+00    -  1.58e-01 2.10e-02h  1
iter    objective    inf_pr   inf_du lg(mu)  ||d||  lg(rg) alpha_du alpha_pr  ls
 290  4.3572920e+03 4.83e-02 5.00e+01  -5.7 8.73e+00    -  3.23e-02 6.90e-02h  1
 291  4.3570894e+03 4.77e-02 4.94e+01  -5.7 1.04e+01    -  5.33e-02 1.74e-02h  1
 292  4.3553535e+03 1.45e-01 5.16e+01  -5.7 6.40e+00    -  3.68e-01 1.93e-01h  1
 293  4.3542099e+03 1.23e-01 4.50e+01  -5.7 4.43e+00    -  3.10e-01 1.87e-01h  1
 294  4.3538776e+03 1.63e-01 5.20e+01  -5.7 2.20e+01    -  1.00e-01 5.82e-02h  1
 295  4.3538194e+03 1.63e-01 5.17e+01  -5.7 1.47e+01    -  2.03e-02 9.69e-03h  1
 296  4.3538194e+03 1.63e-01 3.85e+04  -5.7 4.68e-03  11.4 1.19e-04 3.55e-05h  1
 297r 4.3538194e+03 1.63e-01 9.99e+02  -0.8 0.00e+00  10.9 0.00e+00 3.62e-07R  2
 298r 4.3541216e+03 1.33e-01 9.99e+02  -0.8 1.48e+02    -  3.95e-04 2.20e-04f  1
 299  4.3535266e+03 1.16e-01 1.36e+02  -5.7 4.71e+00    -  1.55e-01 1.08e-01h  1
iter    objective    inf_pr   inf_du lg(mu)  ||d||  lg(rg) alpha_du alpha_pr  ls
 300  4.3521135e+03 1.68e-01 1.20e+02  -5.7 4.30e+00    -  6.82e-02 3.27e-01h  1
 301r 4.3521135e+03 1.68e-01 9.99e+02  -0.8 0.00e+00  10.4 0.00e+00 3.22e-07R  5
 302r 4.3529968e+03 8.32e-02 9.99e+02  -0.8 1.36e+02    -  1.48e-04 6.26e-04f  1
 303  4.3525333e+03 1.11e-01 1.33e+02  -5.7 4.18e+00    -  2.68e-01 9.33e-02h  1
 304  4.3519068e+03 1.87e-01 1.22e+02  -5.7 4.79e+00    -  9.27e-02 8.65e-02h  1
 305  4.3509925e+03 2.66e-01 1.10e+02  -5.7 4.47e+00    -  1.97e-01 9.35e-02h  1
 306  4.3505583e+03 2.49e-01 1.02e+02  -5.7 3.56e+00    -  2.60e-02 7.64e-02h  1
 307  4.3496929e+03 1.76e-01 2.01e+02  -5.7 4.67e+00    -  6.08e-02 2.22e-01h  1
 308  4.3494389e+03 1.60e-01 1.88e+02  -5.7 6.92e+00    -  1.58e-02 8.27e-02h  1
 309  4.3493902e+03 1.58e-01 1.85e+02  -5.7 9.01e+00    -  3.63e-02 1.33e-02h  1
iter    objective    inf_pr   inf_du lg(mu)  ||d||  lg(rg) alpha_du alpha_pr  ls
 310  4.3493906e+03 1.58e-01 1.12e+04  -5.7 1.77e-02   9.9 5.50e-08 7.37e-05h  1
 311r 4.3493906e+03 1.58e-01 9.99e+02  -0.8 0.00e+00   9.5 0.00e+00 2.59e-07R  4
 312r 4.3493977e+03 1.58e-01 9.99e+02  -0.8 6.39e+04    -  3.98e-07 1.29e-07f  1
 313r 4.3496072e+03 1.05e-01 9.98e+02  -0.8 1.44e+02    -  5.34e-04 3.68e-04f  1
 314  4.3494372e+03 9.93e-02 1.31e+02  -5.7 2.43e+00    -  4.18e-01 6.13e-02h  1
 315  4.3492167e+03 8.84e-02 1.15e+02  -5.7 2.16e+00    -  4.20e-01 1.13e-01h  1
 316  4.3492171e+03 8.84e-02 1.99e+03  -5.7 1.49e-02   9.0 5.39e-07 1.39e-04h  1
 317  4.3492222e+03 8.82e-02 4.49e+07  -5.7 3.00e-01   8.5 1.39e-03 2.45e-03h  1
 318r 4.3492222e+03 8.82e-02 1.00e+03  -1.1 0.00e+00  12.5 0.00e+00 2.78e-07R  6
 319r 4.3492256e+03 8.70e-02 1.00e+03  -1.1 6.29e+02    -  2.64e-06 1.58e-05f  1
iter    objective    inf_pr   inf_du lg(mu)  ||d||  lg(rg) alpha_du alpha_pr  ls
 320r 4.3493175e+03 4.98e-02 9.99e+02  -1.1 7.79e+01    -  7.86e-04 4.80e-04f  1
 321  4.3492239e+03 4.46e-02 8.14e+01  -5.7 1.18e-01    -  4.15e-01 1.05e-01h  1
 322  4.3490437e+03 3.35e-02 6.10e+01  -5.7 1.10e-01    -  4.67e-01 2.48e-01h  1
 323  4.3488785e+03 2.42e-02 4.40e+01  -5.7 8.82e-02    -  4.58e-01 2.78e-01h  1
 324  4.3485399e+03 7.97e-03 1.46e+01  -5.7 6.86e-02    -  7.22e-01 6.69e-01h  1
 325  4.3483070e+03 2.11e-03 4.14e+00  -5.7 9.20e-02    -  7.81e-01 7.15e-01h  1
 326  4.3482014e+03 2.77e-03 1.05e+01  -5.7 1.95e-01    -  1.99e-01 5.43e-01f  1
 327  4.3481287e+03 7.62e-03 1.57e+01  -5.7 1.87e-01    -  2.45e-01 4.87e-01f  1
 328  4.3480277e+03 3.79e-02 1.72e+01  -5.7 5.00e-01    -  2.36e-01 4.10e-01f  1
 329  4.3479336e+03 5.94e-02 5.24e+00  -5.7 5.83e-01    -  6.07e-01 5.50e-01f  1
iter    objective    inf_pr   inf_du lg(mu)  ||d||  lg(rg) alpha_du alpha_pr  ls
 330  4.3478447e+03 1.07e-01 4.53e+00  -5.7 8.01e-01    -  6.69e-01 7.77e-01h  1
 331  4.3477704e+03 1.36e-01 7.28e+00  -5.7 1.36e+00    -  6.47e-01 6.85e-01h  1
 332  4.3476768e+03 1.75e-01 1.81e+01  -5.7 2.46e+00    -  7.71e-01 7.38e-01h  1
 333  4.3475797e+03 1.73e-01 2.36e+01  -5.7 5.89e+00    -  5.59e-01 6.18e-01h  1
 334  4.3475794e+03 1.71e-01 2.59e+01  -5.7 4.96e+00    -  2.87e-01 1.18e-02h  1
 335  4.3475630e+03 1.51e-01 2.71e+01  -5.7 4.98e+00    -  8.34e-01 4.14e-01f  1
 336  4.3475406e+03 2.94e-01 4.65e+01  -5.7 6.20e+00    -  1.32e-01 1.00e+00h  1
 337  4.3475346e+03 2.41e-01 3.92e+01  -5.7 1.40e+01    -  6.22e-02 2.45e-01h  1
 338  4.3475314e+03 2.38e-01 3.87e+01  -5.7 9.55e+01    -  2.58e-02 1.29e-02h  1
 339  4.3475251e+03 2.24e-01 3.65e+01  -5.7 3.89e+01    -  7.51e-02 6.67e-02h  1
iter    objective    inf_pr   inf_du lg(mu)  ||d||  lg(rg) alpha_du alpha_pr  ls
 340  4.3475234e+03 1.81e-01 3.34e+01  -5.7 1.53e+01    -  8.62e-01 4.19e-01h  1
 341  4.3475178e+03 3.46e-01 5.37e+01  -5.7 2.09e+01    -  1.00e+00 9.42e-01h  1
 342  4.3475167e+03 2.17e-01 3.33e+01  -5.7 4.13e+01    -  3.39e-01 8.20e-01h  1
 343  4.3475151e+03 2.94e-01 4.62e+01  -5.7 6.04e+01    -  5.92e-01 1.00e+00h  1
 344  4.3475146e+03 4.28e-02 8.06e+01  -5.7 1.29e+02    -  9.57e-01 7.83e-01H  1
 345  4.3475137e+03 9.20e-01 8.66e+01  -5.7 4.90e+02    -  4.67e-01 4.94e-01h  1
 346  4.3475137e+03 5.62e-01 3.39e+02  -5.7 9.67e+02    -  5.51e-01 2.68e-01h  1
 347  4.3475137e+03 5.62e-01 1.27e+04  -5.7 3.72e-04  12.1 1.18e-06 2.97e-05h  1
 348r 4.3475137e+03 5.62e-01 9.99e+02  -0.3 0.00e+00  11.6 0.00e+00 4.54e-07R  2
 349r 4.3475137e+03 5.62e-01 9.99e+02  -0.3 7.35e+06    -  1.71e-09 6.06e-10f  1
iter    objective    inf_pr   inf_du lg(mu)  ||d||  lg(rg) alpha_du alpha_pr  ls
 350r 4.3475350e+03 5.49e-01 9.99e+02  -0.3 3.04e+03    -  4.41e-06 2.64e-05f  1
 351r 4.3475525e+03 5.43e-01 9.99e+02  -0.3 4.95e+02    -  3.53e-05 1.91e-05f  1
 352r 4.3482293e+03 4.32e-01 9.99e+02  -0.3 3.84e+02    -  6.87e-05 2.89e-04f  1
 353r 4.3495852e+03 3.45e-01 9.98e+02  -0.3 3.05e+02    -  7.85e-04 2.85e-04f  1
 354r 4.3648150e+03 8.09e-02 9.97e+02  -0.3 1.74e+02    -  5.72e-04 1.97e-03f  1
 355r 4.3727331e+03 5.23e-02 1.15e+03  -0.3 5.81e+01    -  1.11e-02 2.00e-03f  1
 356r 4.4172225e+03 2.40e-02 2.46e+03  -0.3 4.16e+01    -  2.11e-02 9.99e-03f  1
 357r 4.6031625e+03 1.36e-02 3.23e+03  -0.3 2.93e+01    -  5.12e-02 3.62e-02f  1
 358r 5.1266732e+03 2.11e-02 2.99e+03  -0.3 2.06e+01    -  9.36e-02 9.14e-02f  1
 359r 6.0064151e+03 6.18e-02 2.63e+03  -0.3 1.68e+01    -  3.11e-01 2.15e-01f  1
iter    objective    inf_pr   inf_du lg(mu)  ||d||  lg(rg) alpha_du alpha_pr  ls
 360r 6.0356484e+03 1.24e-02 1.68e+03  -0.3 1.75e-01   2.0 9.71e-01 8.08e-01f  1
 361r 6.2742695e+03 5.64e-03 3.19e+01  -0.3 6.35e-02   1.5 1.00e+00 1.00e+00f  1
 362r 6.2588262e+03 1.64e-02 2.09e+03  -0.9 2.12e+00    -  2.40e-01 3.57e-01f  1
 363r 6.6158280e+03 1.96e-01 5.12e+03  -0.9 7.80e+00    -  3.86e-01 7.48e-01f  1
 364r 6.6238053e+03 2.39e-02 4.89e+01  -0.9 1.96e+00    -  9.88e-01 1.00e+00f  1
 365r 6.8002729e+03 1.05e-02 1.62e+01  -0.9 1.93e+00    -  1.00e+00 1.00e+00f  1
 366r 6.7968714e+03 1.78e-03 1.96e+00  -0.9 4.50e-01    -  1.00e+00 1.00e+00f  1
 367r 5.9382821e+03 3.69e-02 4.57e+02  -1.6 7.01e+00    -  7.36e-01 1.00e+00f  1
 368r 5.7576124e+03 8.27e-04 1.83e+01  -1.6 1.42e+00    -  1.00e+00 1.00e+00h  1
 369  5.7292632e+03 7.17e-04 7.85e+02  -5.7 7.48e+02    -  1.33e-02 1.22e-02f  1
iter    objective    inf_pr   inf_du lg(mu)  ||d||  lg(rg) alpha_du alpha_pr  ls
 370  5.7068568e+03 7.75e-04 7.08e+02  -5.7 7.10e+02    -  7.01e-02 9.79e-03f  1
 371  5.6125696e+03 4.82e-03 4.68e+02  -5.7 6.94e+02    -  1.66e-01 4.24e-02f  1
 372  5.5321598e+03 8.37e-03 7.62e+02  -5.7 7.14e+02    -  1.48e-01 3.81e-02f  2
 373  5.4861841e+03 9.61e-03 8.49e+02  -5.7 7.35e+02    -  4.47e-01 2.28e-02f  4
 374  5.4617619e+03 9.88e-03 8.75e+02  -5.7 7.09e+02    -  2.24e-01 1.24e-02f  5
 375  5.4450254e+03 9.98e-03 8.87e+02  -5.7 7.11e+02    -  3.46e-01 8.62e-03f  5
 376  5.4250110e+03 1.01e-02 9.08e+02  -5.7 6.78e+02    -  2.24e-01 1.04e-02f  5
 377  5.1327629e+03 6.95e-02 8.67e+03  -5.7 6.56e+02    -  3.57e-01 1.67e-01f  1
 378  5.1117600e+03 6.88e-02 8.54e+03  -5.7 6.77e+02    -  1.06e-01 1.49e-02f  1
 379  5.0908131e+03 6.80e-02 8.41e+03  -5.7 6.99e+02    -  3.54e-02 1.52e-02f  1
iter    objective    inf_pr   inf_du lg(mu)  ||d||  lg(rg) alpha_du alpha_pr  ls
 380  4.9272312e+03 1.23e-01 7.28e+03  -5.7 8.74e+02    -  4.24e-01 1.29e-01f  1
 381  4.5588404e+03 8.15e-01 1.83e+03  -5.7 7.60e+02    -  6.56e-01 4.25e-01f  1
 382  4.5588393e+03 8.13e-01 1.78e+06  -5.7 5.32e-03  11.1 9.94e-03 2.60e-03h  1
 383r 4.5588393e+03 8.13e-01 9.99e+02  -0.1 0.00e+00  10.6 0.00e+00 3.50e-09R  2
 384r 4.5592130e+03 8.13e-01 9.99e+02  -0.1 6.38e+03    -  2.34e-06 9.53e-07f  1
 385r 4.5595915e+03 8.05e-01 9.99e+02  -0.1 5.97e+02    -  1.40e-05 1.22e-05f  1
 386r 4.5605228e+03 7.89e-01 9.99e+02  -0.1 9.17e+02    -  1.71e-05 2.73e-05f  1
 387r 4.5625109e+03 7.57e-01 9.99e+02  -0.1 5.71e+02    -  9.77e-05 5.72e-05f  1
 388r 4.5685639e+03 6.75e-01 9.99e+02  -0.1 5.17e+02    -  1.87e-04 1.58e-04f  1
 389  4.5495493e+03 6.45e-01 2.76e+02  -5.7 1.38e+00    -  2.20e-01 4.44e-02f  1
iter    objective    inf_pr   inf_du lg(mu)  ||d||  lg(rg) alpha_du alpha_pr  ls
 390  4.4342789e+03 4.23e-01 2.16e+02  -5.7 1.42e+00    -  6.61e-01 3.44e-01f  1
 391  4.4329318e+03 4.19e-01 2.15e+02  -5.7 1.28e+01    -  9.41e-02 8.28e-03h  1
 392  4.4239832e+03 3.95e-01 2.25e+02  -5.7 1.02e+01    -  8.55e-02 5.73e-02f  1
 393  4.4165011e+03 3.71e-01 2.25e+02  -5.7 9.86e+00    -  3.32e-01 5.40e-02f  1
 394  4.4148982e+03 3.66e-01 2.23e+02  -5.7 1.24e+01    -  3.32e-01 1.28e-02h  1
 395  4.3885917e+03 2.79e-01 4.16e+02  -5.7 7.68e+00    -  4.07e-01 2.41e-01f  1
 396  4.3741811e+03 2.17e-01 4.24e+02  -5.7 5.32e+00    -  5.72e-01 2.25e-01f  1
 397  4.3713304e+03 2.02e-01 4.10e+02  -5.7 8.96e+00    -  1.70e-02 6.79e-02h  1
 398  4.3699300e+03 1.95e-01 4.00e+02  -5.7 8.61e+00    -  7.90e-02 3.74e-02h  1
 399  4.3689693e+03 1.89e-01 3.93e+02  -5.7 1.61e+01    -  1.40e-01 2.74e-02h  1
iter    objective    inf_pr   inf_du lg(mu)  ||d||  lg(rg) alpha_du alpha_pr  ls
 400  4.3634730e+03 1.57e-01 4.49e+02  -5.7 7.03e+00    -  4.42e-01 1.75e-01h  1
 401  4.3611363e+03 1.42e-01 5.18e+02  -5.7 1.63e+01    -  1.53e-01 1.00e-01h  1
 402  4.3529140e+03 9.95e-02 3.62e+03  -5.7 1.58e+01    -  1.15e-01 4.86e-01h  1
 403r 4.3529140e+03 9.95e-02 9.99e+02  -1.0 0.00e+00  10.2 0.00e+00 1.80e-07R  2
 404r 4.3529706e+03 9.62e-02 9.99e+02  -1.0 3.75e+02    -  6.15e-05 3.59e-05f  1
 405r 4.3533815e+03 7.69e-02 9.99e+02  -1.0 8.97e+01    -  2.28e-04 2.31e-04f  1
 406  4.3525820e+03 7.23e-02 2.74e+02  -5.7 1.66e+01    -  3.77e-01 9.82e-02h  1
 407  4.3523895e+03 7.06e-02 2.64e+02  -5.7 5.91e+00    -  2.41e-01 2.65e-02h  1
 408  4.3518992e+03 6.58e-02 2.45e+02  -5.7 1.40e+01    -  1.14e-01 7.63e-02h  1
 409  4.3512416e+03 5.88e-02 2.21e+02  -5.7 8.64e+00    -  3.17e-02 1.17e-01h  1
iter    objective    inf_pr   inf_du lg(mu)  ||d||  lg(rg) alpha_du alpha_pr  ls
 410  4.3502592e+03 4.77e-02 1.83e+02  -5.7 6.16e+00    -  1.93e-01 2.12e-01h  1
 411  4.3495006e+03 3.72e-02 1.56e+02  -5.7 3.08e+00    -  1.90e-01 2.29e-01h  1
 412  4.3488560e+03 3.17e-02 1.91e+02  -5.7 1.69e+01    -  2.15e-01 2.73e-01h  1
 413  4.3485936e+03 2.87e-02 2.60e+02  -5.7 1.63e+01    -  8.55e-02 1.62e-01h  1
 414  4.3485619e+03 2.80e-02 2.50e+02  -5.7 2.82e+01    -  3.18e-01 2.47e-02h  1
 415  4.3483697e+03 3.33e-02 2.34e+02  -5.7 4.05e+01    -  8.26e-01 1.60e-01h  1
 416  4.3479757e+03 9.00e-02 2.59e+02  -5.7 3.94e+01    -  5.38e-01 4.29e-01h  1
 417  4.3478299e+03 1.28e-01 1.79e+02  -5.7 7.71e+01    -  3.03e-01 3.06e-01h  1
 418  4.3478003e+03 1.21e-01 1.66e+02  -5.7 9.35e+01    -  1.87e-01 8.59e-02h  1
 419  4.3476944e+03 1.92e-01 1.19e+02  -5.7 1.28e+02    -  7.94e-01 3.62e-01h  1
iter    objective    inf_pr   inf_du lg(mu)  ||d||  lg(rg) alpha_du alpha_pr  ls
 420  4.3476945e+03 1.92e-01 1.68e+03  -5.7 7.64e-04   9.7 3.65e-04 4.28e-04h  1
 421  4.3476945e+03 1.92e-01 2.58e+03  -5.7 1.24e-03   9.2 6.05e-04 4.57e-04h  1
 422  4.3476945e+03 1.92e-01 2.81e+03  -5.7 1.25e-03   8.7 1.36e-03 3.49e-04h  1
 423  4.3476971e+03 1.91e-01 2.63e+03  -5.7 3.15e+01    -  3.39e-04 4.63e-04h  1
 424  4.3476959e+03 1.90e-01 3.73e+03  -5.7 2.48e+01    -  2.58e-03 5.27e-03h  1
 425r 4.3476959e+03 1.90e-01 1.00e+03  -0.7 0.00e+00   8.2 0.00e+00 2.88e-07R  3
 426r 4.3476982e+03 1.89e-01 1.00e+03  -0.7 3.11e+03    -  7.39e-06 7.39e-06f  1
 427r 4.3477855e+03 1.58e-01 1.00e+03  -0.7 1.82e+02    -  3.24e-04 1.72e-04f  1
 428  4.3477747e+03 1.54e-01 8.92e+01  -5.7 1.63e-01    -  1.71e-01 2.33e-02h  1
 429  4.3477332e+03 1.37e-01 7.92e+01  -5.7 1.53e-01    -  2.00e-01 1.11e-01h  1
iter    objective    inf_pr   inf_du lg(mu)  ||d||  lg(rg) alpha_du alpha_pr  ls
 430  4.3476730e+03 1.08e-01 6.24e+01  -5.7 1.27e-01    -  5.41e-01 2.10e-01h  1
 431  4.3475719e+03 4.03e-02 2.32e+01  -5.7 1.06e-01    -  4.96e-01 6.28e-01h  1
 432  4.3475632e+03 2.76e-02 1.58e+01  -5.7 6.87e-02    -  6.54e-01 3.16e-01h  1
 433  4.3475576e+03 2.11e-02 1.21e+01  -5.7 9.96e-02    -  3.26e-01 2.35e-01h  1
 434  4.3475529e+03 1.63e-02 2.43e+01  -5.7 1.18e-01    -  8.99e-01 2.28e-01h  1
 435  4.3475460e+03 1.21e-02 2.68e+01  -5.7 4.64e-01    -  7.68e-01 2.55e-01h  1
 436  4.3475274e+03 3.84e-03 1.13e+01  -5.7 8.66e-01    -  9.60e-01 7.03e-01h  1
 437  4.3475205e+03 1.47e-03 1.08e+01  -5.7 6.08e-01    -  9.41e-01 6.09e-01f  1
 438  4.3475159e+03 7.73e-04 2.89e+00  -5.7 1.36e+01    -  9.24e-01 1.00e+00H  1
 439  4.3475158e+03 1.64e-03 1.08e+02  -5.7 1.29e+02    -  7.00e-01 6.25e-02h  5
iter    objective    inf_pr   inf_du lg(mu)  ||d||  lg(rg) alpha_du alpha_pr  ls
 440  4.3475158e+03 1.86e-03 1.35e+02  -5.7 3.02e+02    -  4.08e-01 8.78e-03h  7
 441  4.3475158e+03 1.68e-03 1.56e+02  -5.7 1.03e-05   7.8 2.52e-01 9.33e-02h  2
 442  4.3475158e+03 1.28e-03 1.35e+02  -5.7 9.45e-06   7.3 7.42e-01 2.41e-01h  2
 443  4.3475158e+03 4.92e-04 6.28e+01  -5.7 7.17e-06   6.8 1.00e+00 6.15e-01h  1
 444  4.3475158e+03 3.73e-04 6.80e+01  -5.7 3.78e-06   6.3 1.00e+00 2.41e-01f  3
 445  4.3475157e+03 4.52e-08 2.90e+00  -5.7 3.99e-06   5.9 1.00e+00 1.00e+00h  1
 446  4.3475157e+03 3.57e-08 1.33e+00  -5.7 5.48e-06   5.4 1.00e+00 1.00e+00h  1
 447  4.3475157e+03 3.11e-08 1.41e-01  -5.7 1.75e-06   4.9 1.00e+00 1.00e+00h  1
 448  4.3475158e+03 6.21e-09 1.46e-01  -5.7 5.43e-06   4.4 1.00e+00 1.00e+00h  1
 449  4.3475158e+03 7.44e-09 1.09e-01  -5.7 1.21e-05   4.0 1.00e+00 1.00e+00h  1
iter    objective    inf_pr   inf_du lg(mu)  ||d||  lg(rg) alpha_du alpha_pr  ls
 450  4.3475158e+03 5.72e-09 9.22e-03  -5.7 1.13e-05   3.5 1.00e+00 1.00e+00H  1
 451  4.3475158e+03 2.81e-09 5.75e-03  -5.7 5.77e-06   3.0 1.00e+00 1.00e+00h  1
 452  4.3475158e+03 1.94e-09 3.58e-03  -5.7 1.08e-05   2.5 1.00e+00 1.00e+00h  1
 453  4.3475158e+03 1.58e-09 1.57e-03  -5.7 1.42e-05   2.0 1.00e+00 1.00e+00h  1
 454  4.3475158e+03 7.37e-09 9.98e+01  -5.7 1.24e+02    -  1.00e+00 1.22e-04h 14
 455  4.3475158e+03 1.09e-08 1.38e+02  -5.7 1.71e+02    -  1.00e+00 6.10e-05h 15
 456  4.3475158e+03 1.10e-08 1.04e+02  -5.7 1.30e+02    -  1.00e+00 1.53e-05h 17
 457  4.3475158e+03 1.10e-08 1.13e+02  -5.7 1.41e+02    -  1.00e+00 7.63e-06h 18
 458  4.3475158e+03 1.11e-08 1.04e+02  -5.7 1.29e+02    -  1.00e+00 7.63e-06h 18
 459  4.3475152e+03 5.65e-01 2.50e+00  -5.7 1.33e+02    -  1.00e+00 1.00e+00h  1
iter    objective    inf_pr   inf_du lg(mu)  ||d||  lg(rg) alpha_du alpha_pr  ls
 460  4.3475143e+03 1.07e-01 1.23e+01  -5.7 3.86e+02    -  7.87e-01 8.10e-01h  1
 461  4.3475137e+03 8.39e-01 6.02e+01  -5.7 2.97e+04    -  2.17e-02 1.89e-02h  1
 462  4.3475139e+03 4.36e-01 7.22e+01  -5.7 2.39e-03   1.6 2.42e-01 4.80e-01h  1
 463  4.3475141e+03 6.34e-04 1.39e-01  -5.7 1.28e-03   1.1 1.00e+00 9.99e-01h  1
 464  4.3475139e+03 5.27e-09 2.00e-03  -5.7 3.41e-04   0.6 1.00e+00 1.00e+00f  1
 465  4.3475139e+03 1.73e-08 1.05e-03  -5.7 2.52e-04   0.1 1.00e+00 1.00e+00h  1
 466  4.3475139e+03 4.97e-10 3.30e-04  -5.7 4.34e-04  -0.3 1.00e+00 1.00e+00H  1
 467  4.3475139e+03 3.79e-10 4.70e-04  -5.7 1.03e-03  -0.8 1.00e+00 1.00e+00H  1
 468  4.3475139e+03 2.90e-10 9.60e-04  -5.7 2.48e-03  -1.3 1.00e+00 1.00e+00H  1
 469  4.3475139e+03 2.22e-10 1.70e-03  -5.7 3.79e-03  -1.8 1.00e+00 1.00e+00H  1
iter    objective    inf_pr   inf_du lg(mu)  ||d||  lg(rg) alpha_du alpha_pr  ls
 470  4.3475136e+03 1.88e-01 4.68e+02  -5.7 2.53e+03    -  4.30e-01 2.03e-01h  2
 471  4.3475137e+03 6.48e-07 4.39e-03  -5.7 5.87e-03  -2.2 1.00e+00 1.00e+00h  1
 472  4.3475137e+03 2.76e-08 7.44e-04  -5.7 4.71e-03  -2.7 1.00e+00 1.00e+00h  1
 473  4.3475130e+03 7.03e-01 2.76e+01  -5.7 3.74e+03    -  4.01e-01 3.84e-01h  1
 474  4.3475131e+03 1.33e-05 4.98e+00  -5.7 5.86e-02  -3.2 7.69e-01 1.00e+00h  1
 475  4.3475130e+03 1.25e-05 2.88e+00  -5.7 2.12e-01  -3.7 5.16e-01 5.91e-02h  1
 476  4.3475131e+03 2.70e-06 2.69e+00  -5.7 2.08e-02  -4.2 8.64e-01 1.00e+00f  1
 477  4.3475118e+03 6.30e-01 2.39e+02  -5.7 5.01e+03    -  5.74e-01 5.17e-01h  1
 478  4.3475118e+03 3.30e-06 5.05e-03  -5.7 2.91e-02  -4.6 1.00e+00 1.00e+00h  1
 479  4.3475097e+03 5.38e-01 6.41e+02  -5.7 2.37e+04    -  2.29e-01 1.94e-01h  1
iter    objective    inf_pr   inf_du lg(mu)  ||d||  lg(rg) alpha_du alpha_pr  ls
 480  4.3475097e+03 3.88e-06 2.97e-02  -5.7 6.28e-02  -5.1 1.00e+00 1.00e+00h  1
 481  4.3475056e+03 6.31e-01 3.93e+02  -5.7 6.00e+04    -  1.58e-01 1.50e-01h  1
 482  4.3475055e+03 5.53e-01 2.01e+02  -5.7 2.99e-01  -5.6 8.88e-01 1.23e-01h  1
 483  4.3474962e+03 7.60e-01 1.28e+04  -5.7 2.45e+05    -  1.64e-02 8.20e-02h  1
 484  4.3474845e+03 7.70e-01 1.41e+04  -5.7 1.01e+06    -  3.53e-02 2.88e-02h  1
 485  4.3474849e+03 7.26e-01 1.33e+04  -5.7 1.58e+01  -6.1 6.64e-02 5.72e-02h  1
 486  4.3474904e+03 4.34e-01 7.94e+03  -5.7 2.47e+01  -6.5 9.55e-02 4.02e-01h  1
 487  4.3474911e+03 4.01e-01 7.37e+03  -5.7 2.03e+01  -7.0 3.14e-01 7.60e-02h  1
 488  4.3474943e+03 2.40e-01 4.42e+03  -5.7 5.11e+01  -7.5 3.62e-01 4.01e-01h  1
 489  4.3474941e+03 2.31e-01 4.23e+03  -5.7 9.61e+01  -8.0 4.37e-01 3.69e-02h  1
iter    objective    inf_pr   inf_du lg(mu)  ||d||  lg(rg) alpha_du alpha_pr  ls
 490  4.3474921e+03 1.82e-01 3.45e+03  -5.7 1.32e+02  -8.5 8.04e-01 2.13e-01f  1
 491  4.3474874e+03 1.14e-01 2.10e+03  -5.7 3.36e+02  -8.9 1.00e+00 3.71e-01h  1
 492  4.3474839e+03 1.00e-03 1.35e+02  -5.7 1.31e+02  -9.4 6.67e-01 1.00e+00h  1
 493  4.3474835e+03 4.94e-04 5.74e+01  -5.7 1.37e+02  -9.9 1.00e+00 5.16e-01h  1
 494  4.3474833e+03 4.28e-06 2.15e+00  -5.7 2.78e+02 -10.4 1.00e+00 1.00e+00f  1
 495  4.3474541e+03 7.82e-01 2.22e+03  -5.7 1.32e+06    -  5.09e-02 5.07e-02h  1
 496  4.3474537e+03 4.55e-03 3.18e+01  -5.7 7.92e+02 -10.8 1.00e+00 1.00e+00h  1
 497  4.3473967e+03 8.26e-01 2.49e+03  -5.7 1.65e+06    -  7.92e-02 8.33e-02h  1
 498  4.3473967e+03 8.17e-01 2.65e+03  -5.7 1.86e+03 -10.4 9.76e-02 1.06e-02h  1
 499  4.3473948e+03 6.62e-01 2.53e+03  -5.7 4.37e+03 -10.9 1.24e-03 1.90e-01f  1
iter    objective    inf_pr   inf_du lg(mu)  ||d||  lg(rg) alpha_du alpha_pr  ls
 500  4.3472496e+03 7.44e-01 7.40e+04  -5.7 2.46e+06    -  9.18e-02 1.63e-01f  1
 501  4.3472536e+03 7.15e-01 6.90e+04  -5.7 3.69e+04 -11.4 2.11e-02 3.88e-02h  1
 502  4.3472371e+03 6.98e-01 4.56e+04  -5.7 1.47e+06    -  3.56e-02 2.29e-02h  1
 503  4.3472360e+03 6.89e-01 4.81e+04  -5.7 1.28e+06    -  6.14e-04 1.32e-02f  1
 504  4.3472355e+03 6.88e-01 2.20e+04  -5.7 1.61e+06    -  1.53e-01 9.70e-04f  1
 505  4.3471760e+03 5.71e-01 8.11e+04  -5.7 1.63e+06    -  9.28e-02 1.42e-01h  1
 506  4.3469453e+03 6.29e-02 5.25e+05  -5.7 1.65e+06    -  2.37e-01 6.51e-01h  1
 507  4.3469396e+03 6.20e-02 5.20e+05  -5.7 2.10e+06    -  8.43e-02 1.68e-02h  1
 508  4.3469153e+03 6.38e-02 4.73e+05  -5.7 1.91e+06    -  3.00e-02 9.16e-02h  1
 509  4.3468900e+03 6.65e-02 4.27e+05  -5.7 2.29e+06    -  5.23e-02 7.76e-02h  1
iter    objective    inf_pr   inf_du lg(mu)  ||d||  lg(rg) alpha_du alpha_pr  ls
 510  4.3468901e+03 6.58e-02 4.19e+05  -5.7 1.86e+04 -10.9 8.88e-01 9.37e-03h  1
 511  4.3469133e+03 1.78e-02 1.34e+05  -5.7 3.13e+04 -11.4 1.00e+00 7.33e-01h  1
 512  4.3469145e+03 7.84e-04 2.54e+04  -5.7 7.63e+03 -11.0 1.09e-01 1.00e+00h  1
 513  4.3469145e+03 7.84e-04 6.90e+03  -5.7 5.60e+03 -11.5 2.92e-01 4.63e-05h  1
 514  4.3469114e+03 1.73e-03 1.10e+03  -5.7 2.12e+03 -11.0 1.00e+00 9.41e-01f  1
 515  4.3469103e+03 7.77e-03 2.62e+04  -5.7 6.13e+03 -11.5 5.53e-01 2.38e-01f  1
 516  4.3468297e+03 1.02e-01 2.97e+04  -5.7 2.31e+06    -  1.25e-01 2.76e-01h  1
 517  4.3468235e+03 2.44e-03 1.43e+03  -5.7 8.55e+02 -11.1 9.64e-01 9.76e-01h  1
 518  4.3467847e+03 2.04e-02 1.37e+04  -5.7 2.01e+06    -  4.60e-01 1.77e-01h  1
 519  4.3467439e+03 3.73e-02 4.12e+04  -5.7 1.88e+06    -  6.63e-01 2.41e-01h  1
iter    objective    inf_pr   inf_du lg(mu)  ||d||  lg(rg) alpha_du alpha_pr  ls
 520  4.3467433e+03 3.68e-02 2.06e+05  -5.7 4.98e+05    -  5.45e-01 1.29e-02h  1
 521  4.3466752e+03 2.62e-01 3.93e+05  -5.7 3.10e+06    -  1.00e+00 6.48e-01f  1
 522  4.3466159e+03 1.57e-01 6.70e+05  -5.7 3.84e+06    -  8.08e-01 7.01e-01h  1
 523  4.3466160e+03 1.49e-01 5.99e+05  -5.7 4.18e+02 -11.6 1.00e+00 5.07e-02h  1
 524  4.3466184e+03 5.46e-03 1.73e+03  -5.7 1.45e+02 -10.2 1.00e+00 9.97e-01h  1
 525  4.3465433e+03 2.45e-01 7.48e+05  -5.7 9.14e+06    -  3.32e-01 4.76e-01f  1
 526  4.3464904e+03 2.91e-01 1.50e+06  -5.7 2.08e+07    -  1.23e-01 2.70e-01h  1
 527  4.3465090e+03 1.28e-01 7.14e+05  -5.7 5.58e+05    -  1.92e-01 6.01e-01h  1
 528  4.3465078e+03 1.08e-01 5.49e+05  -5.7 2.36e+03 -10.7 1.00e+00 1.60e-01h  1
 529  4.3464864e+03 9.59e-02 6.89e+05  -5.7 3.91e+07    -  2.25e-01 6.24e-02h  1
iter    objective    inf_pr   inf_du lg(mu)  ||d||  lg(rg) alpha_du alpha_pr  ls
 530  4.3464751e+03 8.92e-02 6.51e+05  -5.7 1.28e+07    -  1.77e-01 1.18e-01h  1
 531  4.3464609e+03 1.51e-01 6.38e+05  -5.7 1.03e+07    -  4.50e-02 2.49e-01f  1
 532  4.3464427e+03 1.26e-01 8.89e+05  -5.7 2.07e+07    -  1.32e-01 1.97e-01f  1
 533  4.3464418e+03 7.01e-02 4.97e+05  -5.7 1.35e+03 -11.2 1.00e+00 4.43e-01h  1
 534  4.3464427e+03 1.49e-02 1.55e+05  -5.7 3.16e-01  -5.4 1.71e-01 7.87e-01h  1
 535  4.3464415e+03 1.48e-02 1.64e+05  -5.7 4.36e+06    -  3.20e-02 1.20e-02h  1
 536  4.3464412e+03 1.47e-02 1.65e+05  -5.7 1.63e+07    -  5.60e-05 8.81e-03f  1
 537  4.3464378e+03 1.53e-02 1.47e+05  -5.7 1.23e+07    -  5.53e-01 7.20e-02h  1
 538  4.3464067e+03 1.88e-01 1.20e+06  -5.7 1.18e+07    -  1.00e+00 7.53e-01f  1
 539  4.3464005e+03 1.25e-01 7.93e+05  -5.7 8.93e+06    -  3.43e-01 4.50e-01h  1
iter    objective    inf_pr   inf_du lg(mu)  ||d||  lg(rg) alpha_du alpha_pr  ls
 540  4.3464015e+03 8.16e-02 5.03e+05  -5.7 1.49e-01  -3.1 8.91e-01 3.47e-01h  1
 541  4.3464036e+03 2.72e-03 1.48e+04  -5.7 9.79e-02  -3.6 1.00e+00 9.72e-01h  1
 542  4.3464037e+03 4.53e-05 1.87e-03  -5.7 1.42e-02  -3.2 1.00e+00 1.00e+00f  1
 543  4.3464037e+03 2.47e-05 3.42e-04  -5.7 2.72e-02  -3.6 1.00e+00 1.00e+00h  1
 544  4.3464037e+03 1.85e-05 7.38e+02  -5.7 6.41e-02  -4.1 3.45e-01 2.25e-01H  1
 545  4.3464037e+03 8.50e-08 6.78e-04  -5.7 3.80e-03  -2.8 1.00e+00 1.00e+00f  1
 546  4.3464037e+03 7.45e-09 1.01e-04  -5.7 1.40e-03  -2.4 1.00e+00 1.00e+00h  1
 547  4.3464037e+03 3.69e-09 2.31e-04  -5.7 4.19e-03  -2.8 1.00e+00 1.00e+00H  1
 548  4.3464037e+03 3.00e-09 1.05e-03  -5.7 1.25e-02  -3.3 1.00e+00 1.00e+00H  1
 549  4.3464037e+03 3.73e-09 4.69e-04  -5.7 4.70e-03  -2.9 1.00e+00 1.00e+00H  1
iter    objective    inf_pr   inf_du lg(mu)  ||d||  lg(rg) alpha_du alpha_pr  ls
 550  4.3464037e+03 2.24e-08 1.80e+02  -5.7 1.94e-02  -3.4 3.13e-03 2.04e-05h  9
 551  4.3464037e+03 1.47e-09 3.97e-04  -5.7 5.28e-03  -2.9 1.00e+00 1.00e+00H  1
 552  4.3464037e+03 7.45e-09 2.27e-04  -5.7 1.98e-03  -2.5 1.00e+00 1.00e+00H  1
 553  4.3464037e+03 1.86e-09 3.18e-04  -5.7 5.90e-03  -3.0 1.00e+00 1.00e+00H  1
 554  4.3464037e+03 7.45e-09 5.61e-05  -5.7 2.21e-03  -2.6 1.00e+00 1.00e+00h  1
 555  4.3464026e+03 3.48e-05 2.24e+03  -8.6 1.04e-02  -3.1 7.11e-01 8.72e-01h  1
 556  4.3464018e+03 6.18e-05 3.92e+03  -8.6 1.30e+04    -  3.72e-01 1.11e-01h  1
 557  4.3464018e+03 3.84e-05 1.97e+03  -8.6 6.36e-03  -2.6 4.47e-01 3.69e-01h  1
 558  4.3464018e+03 3.84e-05 2.72e+03  -8.6 3.13e-03  -2.2 7.09e-01 1.46e-04h  1
 559  4.3464017e+03 9.90e-06 8.40e+02  -8.6 8.40e-03  -2.7 6.07e-01 6.82e-01f  1
iter    objective    inf_pr   inf_du lg(mu)  ||d||  lg(rg) alpha_du alpha_pr  ls
 560  4.3464017e+03 9.90e-06 1.03e+03  -8.6 7.55e+06    -  7.29e-04 3.42e-07H  1
 561  4.3464016e+03 6.79e-06 1.02e+03  -8.6 1.15e+06    -  5.68e-04 4.50e-04f  1
 562  4.3464016e+03 3.31e-06 1.05e+04  -8.6 1.18e-03  -1.3 7.71e-02 5.13e-01f  1
 563  4.3464016e+03 5.34e-07 2.35e+03  -8.6 1.69e-03  -1.8 7.03e-01 8.09e-01f  1
 564  4.3464016e+03 1.89e-08 1.66e+02  -8.6 6.40e-04  -1.4 8.11e-01 1.00e+00f  1
 565  4.3464016e+03 1.51e-07 2.26e-03  -8.6 1.66e-03  -1.9 1.00e+00 1.00e+00h  1
 566  4.3464015e+03 3.26e-04 1.46e+02  -8.6 7.66e+05    -  4.69e-03 1.95e-03h  1
 567  4.3464015e+03 3.04e-04 2.37e+02  -8.6 5.97e-03  -2.4 9.33e-03 6.79e-02f  1
 568  4.3464014e+03 1.11e-04 6.91e+02  -8.6 9.44e-03  -2.8 2.67e-02 6.26e-01f  1
 569  4.3464014e+03 9.30e-05 8.76e+03  -8.6 1.07e-02  -3.3 1.00e+00 1.54e-01f  2
iter    objective    inf_pr   inf_du lg(mu)  ||d||  lg(rg) alpha_du alpha_pr  ls
 570r 4.3464014e+03 9.30e-05 1.00e+03  -4.0 0.00e+00    -  0.00e+00 2.58e-07R  9
 571r 4.3464016e+03 8.32e-05 1.01e+03  -4.0 2.36e+03    -  1.19e-04 1.08e-04f  1
 572  4.3464015e+03 7.88e-05 2.27e+02  -8.6 1.60e-01  -3.8 9.36e-01 2.40e-02h  1
 573  4.3464015e+03 7.50e-05 6.33e+03  -8.6 6.99e-02  -3.4 1.00e+00 3.69e-02f  1
 574  4.3464015e+03 7.27e-05 2.17e+05  -8.6 3.55e-02  -3.8 1.00e+00 3.02e-02h  1
 575  4.3464014e+03 1.21e-05 5.47e-02  -8.6 1.34e-02  -3.4 1.00e+00 1.00e+00f  1
 576  4.3464014e+03 4.46e-08 6.92e+02  -8.6 3.96e-02  -3.9 8.50e-01 1.00e+00H  1
 577  4.3464014e+03 6.03e-07 5.69e+02  -8.6 3.62e+06    -  1.50e-02 1.29e-04h  1
 578  4.3464014e+03 5.99e-07 4.09e+02  -8.6 1.09e-02  -3.5 1.00e+00 6.02e-03f  2
 579  4.3464014e+03 9.51e-06 3.20e+02  -8.6 2.36e-02  -3.9 1.00e+00 5.28e-01h  1
iter    objective    inf_pr   inf_du lg(mu)  ||d||  lg(rg) alpha_du alpha_pr  ls
 580  4.3464014e+03 9.52e-06 3.69e+02  -8.6 1.79e+06    -  4.32e-03 1.66e-05h  8
 581  4.3464014e+03 9.52e-06 4.63e+02  -8.6 5.67e+04    -  7.47e-03 1.62e-06h 12
 582  4.3464014e+03 6.23e-07 6.46e-04  -8.6 8.73e-03  -3.5 1.00e+00 1.00e+00h  1
 583  4.3464014e+03 1.82e-06 3.21e-03  -8.6 2.39e-02  -4.0 1.00e+00 1.00e+00h  1
 584  4.3464014e+03 2.31e-07 1.78e-03  -8.6 8.68e-03  -3.6 1.00e+00 1.00e+00h  1
 585  4.3464014e+03 3.18e-08 5.76e-04  -8.6 3.22e-03  -3.1 1.00e+00 1.00e+00h  1
 586  4.3464014e+03 2.74e-07 2.31e-03  -8.6 9.30e-03  -3.6 1.00e+00 1.00e+00h  1
 587  4.3464014e+03 3.78e-08 8.40e-04  -8.6 3.44e-03  -3.2 1.00e+00 1.00e+00h  1
 588  4.3464014e+03 3.76e-08 1.00e+02  -8.6 1.22e+05    -  5.06e-03 2.20e-06h 11
 589  4.3464014e+03 1.49e-08 2.31e-04  -8.6 1.28e-03  -2.8 1.00e+00 1.00e+00h  1
iter    objective    inf_pr   inf_du lg(mu)  ||d||  lg(rg) alpha_du alpha_pr  ls
 590  4.3464014e+03 7.45e-09 5.02e+01  -8.6 2.92e+06    -  5.13e-03 8.92e-06h  9
 591  4.3464014e+03 3.73e-09 6.42e+01  -8.6 2.18e+06    -  1.17e-05 6.42e-07h  9
 592  4.3464014e+03 3.73e-09 1.19e-03  -8.6 3.79e-03  -3.2 1.00e+00 1.00e+00H  1
 593  4.3464014e+03 1.49e-08 5.61e-03  -8.6 1.09e-02  -3.7 1.00e+00 1.00e+00H  1
 594  4.3464014e+03 7.45e-09 1.06e+02  -8.6 3.94e+05    -  5.28e-03 2.22e-06h 11
 595  4.3464014e+03 7.45e-09 1.83e-03  -8.6 4.00e-03  -3.3 1.00e+00 1.00e+00H  1
 596  4.3464014e+03 4.63e-07 4.08e-03  -8.6 1.14e-02  -3.8 1.00e+00 1.00e+00h  1
 597  4.3464014e+03 3.98e-07 8.80e+01  -8.6 7.86e+04    -  5.48e-03 3.58e-05h  7
 598  4.3464014e+03 3.98e-07 1.89e+02  -8.6 6.43e+05    -  7.06e-03 2.14e-06h 12
 599  4.3464014e+03 6.35e-08 1.66e-03  -8.6 4.19e-03  -3.3 1.00e+00 1.00e+00h  1
iter    objective    inf_pr   inf_du lg(mu)  ||d||  lg(rg) alpha_du alpha_pr  ls
 600  4.3464014e+03 2.24e-08 8.39e+01  -8.6 8.19e+04    -  5.74e-03 3.64e-05h  7
 601  4.3464014e+03 5.34e-07 5.11e-03  -8.6 1.19e-02  -3.8 1.00e+00 1.00e+00h  1
 602  4.3464014e+03 7.33e-08 1.72e-03  -8.6 4.35e-03  -3.4 1.00e+00 1.00e+00h  1
 603  4.3464014e+03 6.12e-07 4.71e-03  -8.6 1.22e-02  -3.9 1.00e+00 1.00e+00h  1
 604  4.3464014e+03 8.36e-08 1.30e-03  -8.6 4.48e-03  -3.4 1.00e+00 1.00e+00h  1
 605  4.3464014e+03 6.92e-07 2.21e-03  -8.6 1.25e-02  -3.9 1.00e+00 1.00e+00h  1
 606  4.3464014e+03 6.09e-07 9.84e+01  -8.6 8.25e+04    -  6.79e-03 3.80e-05h  7
 607  4.3464014e+03 9.41e-08 6.30e-04  -8.6 4.57e-03  -3.5 1.00e+00 1.00e+00h  1
 608  4.3464014e+03 7.73e-07 1.59e-03  -8.6 1.26e-02  -4.0 1.00e+00 1.00e+00h  1
 609  4.3464014e+03 1.05e-07 1.02e-03  -8.6 4.60e-03  -3.5 1.00e+00 1.00e+00h  1
iter    objective    inf_pr   inf_du lg(mu)  ||d||  lg(rg) alpha_du alpha_pr  ls
 610  4.3464014e+03 1.46e-08 5.43e-04  -8.6 1.71e-03  -3.1 1.00e+00 1.00e+00h  1
 611  4.3464014e+03 1.26e-07 1.78e-03  -8.6 4.95e-03  -3.6 1.00e+00 1.00e+00h  1
 612  4.3464014e+03 1.75e-08 7.93e-04  -8.6 1.83e-03  -3.2 1.00e+00 1.00e+00h  1
 613  4.3464014e+03 1.51e-07 1.90e-03  -8.6 5.29e-03  -3.6 1.00e+00 1.00e+00h  1
 614  4.3464014e+03 2.08e-08 8.08e-04  -8.6 1.96e-03  -3.2 1.00e+00 1.00e+00h  1
 615  4.3464014e+03 1.79e-07 1.41e-03  -8.6 5.62e-03  -3.7 1.00e+00 1.00e+00h  1
 616  4.3464014e+03 2.46e-08 3.84e-04  -8.6 2.08e-03  -3.3 1.00e+00 1.00e+00h  1
 617  4.3464014e+03 2.10e-07 7.32e-04  -8.6 5.94e-03  -3.8 1.00e+00 1.00e+00h  1
 618  4.3464014e+03 2.90e-08 2.98e-04  -8.6 2.19e-03  -3.3 1.00e+00 1.00e+00h  1
 619  4.3464014e+03 2.46e-07 2.24e-03  -8.6 6.23e-03  -3.8 1.00e+00 1.00e+00h  1
iter    objective    inf_pr   inf_du lg(mu)  ||d||  lg(rg) alpha_du alpha_pr  ls
 620  4.3464014e+03 3.37e-08 9.02e-04  -8.6 2.29e-03  -3.4 1.00e+00 1.00e+00h  1
 621  4.3464014e+03 1.49e-08 9.58e+01  -8.6 7.33e+05    -  7.80e-03 2.28e-05h  8
 622  4.3464014e+03 7.45e-09 5.28e-03  -8.6 6.49e-03  -3.9 1.00e+00 1.00e+00H  1
 623r 4.3464014e+03 7.45e-09 1.00e+03  -8.1 0.00e+00    -  0.00e+00 3.79e-07R 14
 624r 4.3464014e+03 7.45e-09 8.58e+02  -8.1 3.89e-04  -2.0 2.21e-01 1.56e-03f  1
 625r 4.3464014e+03 3.73e-09 6.66e+02  -8.1 3.25e-04  -1.6 3.77e-01 1.94e-02h  4
 626r 4.3464014e+03 1.86e-09 7.31e+02  -8.1 2.15e-04  -1.1 2.52e-01 1.52e-02h  6
 627  4.3464014e+03 1.86e-09 2.81e+02  -8.6 5.75e+06    -  5.86e-04 1.75e-08h  5
 628  4.3464014e+03 1.86e-09 9.45e+03  -8.6 7.87e-02  -3.4 1.00e+00 6.28e-04h  3
 629  4.3464014e+03 1.32e-08 2.13e+05  -8.6 5.89e-03  -3.9 1.00e+00 4.42e-02h  1
iter    objective    inf_pr   inf_du lg(mu)  ||d||  lg(rg) alpha_du alpha_pr  ls
 630  4.3464011e+03 1.51e-04 2.12e+05  -8.6 8.35e+04    -  2.69e-03 1.02e-03f  1
 631  4.3464011e+03 1.27e-04 1.84e+05  -8.6 3.49e-03  -3.5 1.00e+00 1.59e-01f  1
 632  4.3464010e+03 2.33e-06 2.40e-02  -8.6 8.78e-03  -4.0 1.00e+00 1.00e+00f  1
 633  4.3464011e+03 1.32e-07 8.61e-04  -8.6 2.97e-03  -3.5 1.00e+00 1.00e+00h  1
 634  4.3464011e+03 1.49e-08 2.70e-04  -8.6 1.09e-03  -3.1 1.00e+00 1.00e+00h  1
 635  4.3464008e+03 1.11e-04 4.50e+01  -8.6 1.74e+04    -  5.51e-03 4.52e-03h  1
 636  4.3464008e+03 8.84e-05 2.25e+01  -8.6 1.73e-05   0.0 1.04e-01 2.00e-01f  2
 637  4.3464008e+03 7.45e-09 1.09e-05  -8.6 2.62e-06  -0.4 1.00e+00 1.00e+00h  1
 638  4.3464008e+03 7.45e-09 3.24e-06  -8.6 7.61e-06  -0.9 1.00e+00 1.00e+00h  1
 639  4.3464008e+03 9.31e-10 2.81e-06  -8.6 2.12e-05  -1.4 1.00e+00 1.00e+00h  1
iter    objective    inf_pr   inf_du lg(mu)  ||d||  lg(rg) alpha_du alpha_pr  ls
 640  4.3464008e+03 1.86e-09 1.07e-05  -8.6 6.19e-05  -1.9 1.00e+00 1.00e+00h  1
 641  4.3464008e+03 1.86e-09 2.86e+01  -8.6 1.81e-04  -2.4 1.00e+00 1.25e-01h  4
 642  4.3464008e+03 1.86e-09 2.88e-04  -8.6 5.41e-04  -2.8 1.00e+00 1.00e+00H  1
 643  4.3464008e+03 5.66e-07 2.19e-04  -8.6 1.60e-03  -3.3 1.00e+00 1.00e+00h  1
 644  4.3464008e+03 2.81e-06 4.85e-04  -8.6 4.61e-03  -3.8 1.00e+00 1.00e+00h  1
 645  4.3464008e+03 8.01e-05 4.13e+02  -8.6 5.98e+03    -  3.79e-02 1.62e-02h  1
 646  4.3464008e+03 5.09e-05 1.20e+03  -8.6 7.06e-03  -3.4 1.00e+00 3.58e-01f  2
 647  4.3464008e+03 4.18e-07 2.00e-03  -8.6 1.96e-03  -3.8 1.00e+00 1.00e+00h  1
 648  4.3464008e+03 2.48e-07 6.86e-04  -8.6 8.97e-04  -3.4 1.00e+00 1.00e+00h  1
 649  4.3464008e+03 7.13e-07 2.22e-03  -8.6 2.20e-03  -3.9 1.00e+00 1.00e+00h  1
iter    objective    inf_pr   inf_du lg(mu)  ||d||  lg(rg) alpha_du alpha_pr  ls
 650  4.3464008e+03 1.81e-08 7.14e-04  -8.6 6.24e-04  -3.5 1.00e+00 1.00e+00h  1
 651  4.3464008e+03 1.03e-07 1.66e-03  -8.6 9.76e-04  -3.9 1.00e+00 1.00e+00h  1
 652  4.3464008e+03 8.53e-09 5.32e-04  -8.6 3.66e-04  -3.5 1.00e+00 1.00e+00h  1
 653  4.3464008e+03 6.85e-06 6.06e+02  -8.6 1.43e+05    -  8.72e-02 5.74e-02h  1
 654  4.3464008e+03 5.28e-06 1.17e+01  -8.6 1.22e+00  -3.1 1.00e+00 2.29e-01f  1
 655  4.3464008e+03 1.49e-08 3.01e-03  -8.6 5.74e-04  -3.6 1.00e+00 1.00e+00f  1
 656  4.3464008e+03 1.49e-08 4.76e-04  -8.6 2.46e-04  -3.1 1.00e+00 1.00e+00h  1
 657  4.3464008e+03 7.45e-09 2.36e-03  -8.6 8.51e-04  -3.6 1.00e+00 1.00e+00h  1
 658  4.3464008e+03 1.49e-08 2.03e-03  -8.6 3.54e-04  -3.2 1.00e+00 1.00e+00H  1
 659  4.3464008e+03 7.45e-09 8.79e-01  -8.6 1.22e-03  -3.7 1.00e+00 5.00e-01h  2
iter    objective    inf_pr   inf_du lg(mu)  ||d||  lg(rg) alpha_du alpha_pr  ls
 660  4.3464008e+03 7.45e-09 4.53e-01  -8.6 4.72e-04  -3.2 1.00e+00 1.25e-01h  4
 661  4.3464008e+03 7.45e-09 2.43e-03  -8.6 1.41e-03  -3.7 1.00e+00 1.00e+00h  1
 662  4.3464008e+03 1.86e-09 1.73e-03  -8.6 5.43e-04  -3.3 1.00e+00 1.00e+00H  1
 663  4.3464004e+03 2.21e-04 9.04e+03  -8.6 4.73e+05    -  2.27e-01 2.44e-01h  1
 664  4.3464001e+03 7.08e-04 9.64e+03  -8.6 3.57e+05    -  1.00e+00 3.49e-01f  1
 665  4.3464001e+03 2.31e-07 3.12e-03  -8.6 4.27e-03  -3.8 1.00e+00 1.00e+00f  1
 666  4.3464001e+03 6.49e-08 5.50e-04  -8.6 2.21e-03  -3.3 1.00e+00 1.00e+00h  1
 667  4.3464001e+03 7.45e-09 4.55e-03  -8.6 8.79e-04  -3.8 1.00e+00 1.00e+00h  1
 668  4.3464001e+03 3.20e-04 1.94e+03  -8.6 6.38e+04    -  4.14e-01 2.88e-01h  1
 669  4.3464001e+03 2.84e-04 1.80e+03  -8.6 4.41e-03  -3.4 2.74e-02 1.12e-01f  2
iter    objective    inf_pr   inf_du lg(mu)  ||d||  lg(rg) alpha_du alpha_pr  ls
 670  4.3464001e+03 2.81e-04 5.85e+03  -8.6 5.06e+04    -  6.01e-01 1.12e-02h  1
 671  4.3464001e+03 2.43e-04 5.71e+03  -8.6 1.83e-02  -3.9 2.67e-03 1.32e-01f  2
 672  4.3464001e+03 2.36e-04 7.10e+02  -8.6 1.28e-03  -3.4 1.00e+00 2.98e-02h  1
 673  4.3464001e+03 2.05e-04 6.17e+02  -8.6 2.61e-03  -3.0 1.24e-01 1.31e-01f  2
 674  4.3464001e+03 2.05e-04 6.27e+02  -8.6 1.90e+06    -  5.77e-03 3.03e-04h  6
 675  4.3464001e+03 1.74e-04 5.81e+02  -8.6 8.68e-03  -3.5 1.00e+00 1.51e-01h  2
 676  4.3464001e+03 8.70e-05 2.72e+02  -8.6 3.63e-03  -3.1 1.00e+00 5.00e-01h  2
 677  4.3464001e+03 7.61e-05 2.99e+02  -8.6 1.43e-02  -3.5 1.00e+00 1.25e-01h  4
 678  4.3464001e+03 7.37e-05 2.66e+02  -8.6 5.72e-03  -3.1 1.00e+00 3.12e-02h  6
 679  4.3464001e+03 7.45e-09 2.91e+00  -8.6 1.73e-02  -3.6 1.00e+00 1.00e+00h  1
iter    objective    inf_pr   inf_du lg(mu)  ||d||  lg(rg) alpha_du alpha_pr  ls
 680  4.3464001e+03 7.45e-09 4.28e+00  -8.6 9.44e-03  -3.2 1.00e+00 1.00e+00H  1
 681  4.3464001e+03 6.73e-09 7.37e+00  -8.6 4.57e-02  -3.6 1.00e+00 1.00e+00h  1
 682  4.3464001e+03 7.45e-09 7.46e+00  -8.6 2.02e-02  -3.2 1.00e+00 1.00e+00H  1
 683  4.3464001e+03 7.45e-09 1.19e+01  -8.6 7.88e-02  -3.7 1.00e+00 1.00e+00h  1
 684  4.3464001e+03 7.45e-09 4.64e+00  -8.6 3.27e-02  -3.3 1.00e+00 1.00e+00h  1
 685  4.3464001e+03 7.45e-09 1.40e+01  -8.6 1.07e-01  -3.8 1.00e+00 1.00e+00h  1
 686  4.3464001e+03 7.45e-09 5.31e+00  -8.6 4.31e-02  -3.3 1.00e+00 1.00e+00h  1
 687  4.3464001e+03 7.45e-09 1.47e+01  -8.6 1.37e-01  -3.8 1.00e+00 1.00e+00h  1
 688  4.3464001e+03 7.45e-09 5.49e+00  -8.6 5.42e-02  -3.4 1.00e+00 1.00e+00h  1
 689  4.3464001e+03 3.73e-09 1.23e+01  -8.6 1.69e-01  -3.9 1.00e+00 1.00e+00h  1
iter    objective    inf_pr   inf_du lg(mu)  ||d||  lg(rg) alpha_du alpha_pr  ls
 690  4.3464001e+03 7.45e-09 4.30e+00  -8.6 6.53e-02  -3.4 1.00e+00 1.00e+00h  1
 691  4.3464001e+03 7.45e-09 8.08e+00  -8.6 2.00e-01  -3.9 1.00e+00 1.00e+00h  1
 692  4.3464001e+03 7.45e-09 2.09e+00  -8.6 7.58e-02  -3.5 1.00e+00 1.00e+00h  1
 693  4.3464001e+03 7.45e-09 7.30e-01  -8.6 2.88e-02  -3.1 1.00e+00 1.00e+00h  1
 694  4.3464001e+03 1.49e-08 1.00e+00  -8.6 8.67e-02  -3.5 1.00e+00 1.00e+00h  1
 695  4.3464001e+03 7.45e-09 3.92e-01  -8.6 3.27e-02  -3.1 1.00e+00 1.00e+00h  1
 696  4.3463999e+03 1.22e-05 9.75e+03  -8.6 3.55e+06    -  7.52e-02 1.85e-02h  1
 697  4.3463999e+03 9.13e-06 6.83e+03  -8.6 9.13e-02  -3.6 1.00e+00 2.50e-01f  3
 698  4.3463999e+03 5.59e-09 3.53e+00  -8.6 3.39e-02  -3.2 1.00e+00 1.00e+00h  1
 699  4.3463999e+03 1.49e-08 1.17e+01  -8.6 9.56e-02  -3.6 1.00e+00 1.00e+00h  1
iter    objective    inf_pr   inf_du lg(mu)  ||d||  lg(rg) alpha_du alpha_pr  ls
 700  4.3463999e+03 5.22e-06 1.93e+04  -8.6 8.75e+04    -  1.25e-01 1.61e-02H  1
 701  4.3463999e+03 4.29e-06 1.28e+04  -8.6 3.32e-02  -3.2 1.00e+00 1.79e-01f  2
 702  4.3463999e+03 1.39e-07 1.25e+02  -8.6 9.82e-02  -3.7 1.00e+00 9.91e-01h  1
 703  4.3463999e+03 7.88e-09 4.06e+00  -8.6 3.43e-02  -3.3 1.00e+00 1.00e+00f  1
 704  4.3463999e+03 1.49e-08 1.13e+01  -8.6 9.45e-02  -3.7 1.00e+00 1.00e+00h  1
 705  4.3463999e+03 6.52e-09 4.05e+00  -8.6 3.21e-02  -3.3 1.00e+00 1.00e+00h  1
 706  4.3463999e+03 7.45e-09 1.37e+00  -8.6 1.08e-02  -2.9 1.00e+00 1.00e+00h  1
 707  4.3463999e+03 7.45e-09 3.66e+00  -8.6 2.84e-02  -3.4 1.00e+00 1.00e+00h  1
 708  4.3463999e+03 1.49e-07 1.65e+01  -8.6 7.16e-02  -3.8 1.00e+00 1.00e+00H  1
 709  4.3463999e+03 6.57e-09 2.83e+00  -8.6 2.08e-02  -3.4 1.00e+00 1.00e+00h  1
iter    objective    inf_pr   inf_du lg(mu)  ||d||  lg(rg) alpha_du alpha_pr  ls
 710  4.3463999e+03 7.45e-09 8.60e-01  -8.6 6.03e-03  -3.0 1.00e+00 1.00e+00h  1
 711  4.3463999e+03 2.24e-08 2.43e+00  -8.6 1.70e-02  -3.5 1.00e+00 1.00e+00H  1
 712  4.3463999e+03 1.12e-08 2.00e+01  -8.6 7.18e-03  -3.0 1.00e+00 5.00e-01h  2
 713  4.3463999e+03 4.21e-05 6.55e+04  -8.6 6.16e+04    -  8.97e-02 2.21e-01h  1
 714  4.3463999e+03 3.96e-05 6.16e+04  -8.6 1.02e-03  -2.6 3.51e-01 5.95e-02f  1
 715  4.3463999e+03 2.16e-05 3.36e+04  -8.6 1.52e-03  -3.1 1.58e-01 4.55e-01f  1
 716  4.3463999e+03 1.93e-05 2.99e+04  -8.6 6.90e-04  -2.7 5.27e-01 1.09e-01f  1
 717  4.3463999e+03 1.79e-05 2.78e+04  -8.6 1.63e-03  -3.1 3.23e-01 7.06e-02h  2
 718  4.3463999e+03 1.27e-05 1.97e+04  -8.6 6.63e-04  -2.7 2.71e-01 2.91e-01h  1
 719  4.3463999e+03 1.15e-05 1.79e+04  -8.6 1.83e-03  -3.2 6.89e-01 9.50e-02f  2
iter    objective    inf_pr   inf_du lg(mu)  ||d||  lg(rg) alpha_du alpha_pr  ls
 720  4.3463999e+03 1.14e-05 1.81e+04  -8.6 4.73e+04    -  2.32e-01 6.08e-03h  8
 721  4.3463999e+03 4.99e-06 7.90e+03  -8.6 1.08e-03  -2.8 1.47e-01 5.64e-01h  1
 722  4.3463999e+03 4.75e-06 7.60e+03  -8.6 6.39e-04  -3.2 3.33e-03 4.69e-02f  5
 723  4.3463999e+03 1.27e-06 3.00e+03  -8.6 1.76e-04  -2.8 7.41e-02 7.34e-01h  1
 724  4.3463999e+03 1.18e-06 2.90e+03  -8.6 7.49e+05    -  1.90e-02 4.39e-03h  5
 725  4.3463999e+03 9.98e-09 4.42e+02  -8.6 6.14e-04  -3.3 7.74e-01 1.00e+00h  1
 726  4.3463999e+03 1.49e-08 3.73e+02  -8.6 1.31e-03  -2.9 3.77e-01 1.55e-02h  2
 727  4.3463999e+03 9.89e-09 1.69e+02  -8.6 1.03e-03  -3.3 3.53e-01 1.00e+00h  1
 728  4.3463999e+03 7.45e-09 1.78e+02  -8.6 4.99e-04  -2.9 1.71e-02 1.00e+00h  1
 729  4.3463999e+03 7.45e-09 9.07e-03  -8.6 1.81e-03  -3.4 1.00e+00 1.00e+00h  1
iter    objective    inf_pr   inf_du lg(mu)  ||d||  lg(rg) alpha_du alpha_pr  ls
 730  4.3463999e+03 2.98e-08 1.13e+03  -8.6 1.83e+05    -  4.87e-02 3.54e-03h  1
 731  4.3463999e+03 2.24e-08 2.92e+02  -8.6 9.66e-04  -3.0 7.47e-01 3.92e-01f  1
 732  4.3463999e+03 1.49e-08 3.88e+01  -8.6 4.52e-04  -2.5 1.00e+00 1.25e-01f  4
 733  4.3463999e+03 7.45e-09 8.98e-02  -8.6 9.93e-04  -3.0 1.00e+00 9.94e-01h  1
 734  4.3463999e+03 1.86e-09 3.93e-03  -8.6 4.10e-04  -2.6 1.00e+00 1.00e+00f  1
 735  4.3463999e+03 1.86e-09 3.81e-02  -8.6 1.33e-03  -3.1 1.00e+00 1.00e+00H  1
 736  4.3463999e+03 9.31e-10 4.88e-01  -8.6 6.14e-04  -2.6 1.00e+00 5.00e-01h  2
 737  4.3463999e+03 9.31e-10 1.72e+00  -8.6 1.89e-03  -3.1 1.00e+00 9.77e-04h 11
 738  4.3463999e+03 9.31e-10 4.07e-01  -8.6 7.13e-04  -2.7 1.00e+00 1.95e-03h 10
 739  4.3463999e+03 9.31e-10 1.84e+00  -8.6 2.12e-03  -3.2 1.00e+00 4.88e-04h 12
iter    objective    inf_pr   inf_du lg(mu)  ||d||  lg(rg) alpha_du alpha_pr  ls
 740  4.3463999e+03 9.31e-10 5.27e-01  -8.6 8.01e-04  -2.7 1.00e+00 2.44e-04h 13
 741  4.3463999e+03 9.31e-10 1.50e+00  -8.6 2.38e-03  -3.2 1.00e+00 2.50e-01h  3
 742  4.3463999e+03 9.31e-10 6.21e-01  -8.6 9.09e-04  -2.8 1.00e+00 4.88e-04h 12
 743  4.3463999e+03 9.31e-10 1.87e+00  -8.6 2.70e-03  -3.3 1.00e+00 2.44e-04h 13
 744  4.3463999e+03 9.31e-10 7.60e-01  -8.6 1.02e-03  -2.8 1.00e+00 3.05e-05h 16
 745  4.3463999e+03 9.31e-10 1.65e-02  -8.6 3.03e-03  -3.3 1.00e+00 1.00e+00s 22
 746  4.3463999e+03 7.45e-09 6.46e-03  -8.6 1.19e-03  -2.9 1.00e+00 1.00e+00s 22
 747r 4.3463999e+03 7.45e-09 1.00e+03  -8.1 0.00e+00  -2.5 0.00e+00 0.00e+00R  1
 748r 4.3463999e+03 7.45e-09 9.94e+02  -8.1 5.21e-04  -2.0 1.34e-02 1.44e-03f  1
 749r 4.3463999e+03 1.86e-09 1.05e+03  -8.1 4.08e-04  -1.6 1.59e-01 4.27e-05h  9
iter    objective    inf_pr   inf_du lg(mu)  ||d||  lg(rg) alpha_du alpha_pr  ls
 750r 4.3463999e+03 7.45e-09 1.55e+03  -8.1 2.97e-04  -1.1 3.22e-01 4.88e-03h  6
 751r 4.3463999e+03 7.45e-09 1.22e+03  -8.1 3.45e-04  -1.6 4.65e-01 2.63e-02h  5
 752r 4.3463999e+03 9.05e-09 1.06e+03  -8.1 5.03e-04  -2.1 1.11e-01 1.72e-01h  3
 753r 4.3463999e+03 9.09e-09 9.14e+02  -8.1 3.91e-04  -1.7 4.56e-01 4.53e-02h  5
 754r 4.3464000e+03 2.58e-08 6.47e+02  -8.1 5.45e-04  -2.2 3.29e-01 2.12e-01h  3
 755r 4.3464000e+03 2.64e-08 5.86e+02  -8.1 4.32e-04  -1.7 4.13e-01 1.13e-01h  4
 756r 4.3464001e+03 2.40e-08 4.51e+02  -8.1 2.28e-04  -1.3 2.45e-01 2.35e-01h  3
 757r 4.3464002e+03 2.42e-08 3.07e+02  -8.1 3.99e-04  -1.8 4.56e-01 1.20e-01h  4
 758r 4.3464002e+03 2.39e-08 1.85e+02  -8.1 6.46e-04  -2.3 2.74e-01 3.07e-02h  6
 759r 4.3464015e+03 9.52e-07 3.34e+02  -8.1 1.16e-03  -2.7 3.42e-01 9.89e-01w  1
iter    objective    inf_pr   inf_du lg(mu)  ||d||  lg(rg) alpha_du alpha_pr  ls
 760r 4.3464036e+03 1.54e-06 1.93e+02  -8.1 1.70e-03  -3.2 5.50e-01 1.00e+00w  1
 761r 4.3464099e+03 3.78e-06 6.97e+01  -8.1 2.98e-03  -3.7 6.83e-01 1.00e+00w  1
 762r 4.3464005e+03 7.74e-08 9.12e+01  -8.1 1.98e-03  -3.3 3.42e-01 2.47e-01h  2
 763r 4.3464005e+03 9.37e-08 1.28e+01  -8.1 2.64e-03  -3.7 3.14e-01 1.25e-01h  4
 764r 4.3464011e+03 2.86e-07 5.79e+01  -8.1 2.39e-03  -3.3 4.35e-01 2.50e-01h  3
 765r 4.3464022e+03 6.34e-07 5.75e+01  -8.1 3.71e-03  -3.8 3.23e-01 2.50e-01h  3
 766r 4.3464042e+03 8.87e-07 6.02e+01  -8.1 2.78e-03  -3.4 5.03e-01 2.50e-01h  3
 767r 4.3464111e+03 2.74e-06 1.48e+01  -8.1 4.47e-03  -3.8 3.29e-01 5.00e-01h  2
 768r 4.3464121e+03 2.05e-06 3.55e+00  -8.1 4.37e-04  -1.6 5.95e-01 2.50e-01h  3
 769r 4.3464209e+03 7.45e-09 8.67e+00  -8.1 2.05e-04  -1.2 3.40e-01 1.00e+00h  1
iter    objective    inf_pr   inf_du lg(mu)  ||d||  lg(rg) alpha_du alpha_pr  ls
 770r 4.3464345e+03 1.86e-08 2.50e+00  -8.1 4.00e-04  -1.7 6.98e-01 1.00e+00h  1
 771r 4.3464802e+03 7.92e-08 1.38e+01  -8.1 7.74e-04  -2.1 4.89e-01 1.00e+00h  1
 772r 4.3465561e+03 1.77e-08 4.03e+00  -8.1 3.38e-04  -1.7 7.64e-01 1.00e+00h  1
 773r 4.3467686e+03 8.07e-08 6.24e+00  -8.1 7.68e-04  -2.2 6.80e-01 1.00e+00h  1
 774r 4.3469386e+03 1.41e-08 6.99e-04  -8.1 3.82e-04  -1.8 1.00e+00 1.00e+00h  1
 775r 4.3471685e+03 6.20e-08 2.01e+00  -8.1 7.62e-04  -2.2 1.00e+00 7.92e-01h  1
 776r 4.3473023e+03 1.75e-08 3.91e-04  -8.1 3.18e-04  -1.8 1.00e+00 1.00e+00h  1
 777r 4.3473474e+03 7.45e-09 1.26e-04  -8.1 1.14e-04  -1.4 1.00e+00 1.00e+00h  1
 778r 4.3474657e+03 1.81e-08 4.09e-04  -8.1 3.12e-04  -1.9 1.00e+00 1.00e+00h  1
 779r 4.3477391e+03 4.45e-08 2.15e-03  -8.1 8.49e-04  -2.3 1.00e+00 1.00e+00H  1
iter    objective    inf_pr   inf_du lg(mu)  ||d||  lg(rg) alpha_du alpha_pr  ls
 780r 4.3482788e+03 6.38e-07 2.03e-03  -8.1 1.71e-03  -2.8 1.00e+00 1.00e+00h  1
 781r 4.3491832e+03 2.29e-06 6.49e-03  -8.1 3.35e-03  -3.3 1.00e+00 1.00e+00h  1
 782r 4.3494757e+03 1.11e-07 2.66e-03  -8.1 1.26e-03  -2.9 1.00e+00 1.00e+00h  1
 783r 4.3498773e+03 5.78e-07 6.98e-03  -8.1 2.76e-03  -3.3 1.00e+00 1.00e+00h  1
 784r 4.3499648e+03 1.34e-07 1.38e-03  -8.1 1.00e-03  -2.9 1.00e+00 1.00e+00h  1
 785r 4.3499657e+03 1.49e-08 5.80e-05  -8.1 4.69e-05  -1.6 1.00e+00 1.00e+00h  1
 786r 4.3499598e+03 7.45e-09 1.16e-04  -8.1 1.39e-04  -2.1 1.00e+00 1.00e+00h  1
 787r 4.3499558e+03 7.45e-09 5.86e-05  -8.1 5.26e-05  -1.6 1.00e+00 1.00e+00h  1
 788r 4.3499398e+03 7.45e-09 2.04e-04  -8.1 1.60e-04  -2.1 1.00e+00 1.00e+00h  1
 789r 4.3499358e+03 9.31e-10 4.98e-05  -8.1 6.04e-05  -1.7 1.00e+00 1.00e+00h  1
iter    objective    inf_pr   inf_du lg(mu)  ||d||  lg(rg) alpha_du alpha_pr  ls
 790r 4.3499344e+03 7.45e-09 1.71e-05  -8.1 2.28e-05  -1.3 1.00e+00 1.00e+00h  1
 791r 4.3499311e+03 1.86e-09 9.77e-05  -8.1 6.88e-05  -1.7 1.00e+00 1.00e+00H  1
 792r 4.3499310e+03 1.86e-09 7.21e-01  -8.1 2.60e-05  -1.3 1.00e+00 1.56e-02h  7
 793r 4.3499299e+03 7.45e-09 1.11e+00  -8.1 7.78e-05  -1.8 1.00e+00 2.50e-01h  3
 794r 4.3499281e+03 1.86e-09 4.35e-05  -8.1 2.93e-05  -1.4 1.00e+00 1.00e+00H  1
 795  4.3499235e+03 2.79e-09 9.24e+01  -8.6 2.05e+04    -  3.53e-01 9.51e-04f 10
 796  4.3499221e+03 1.86e-09 9.24e+01  -8.6 3.38e-02  -2.0 5.52e-02 3.18e-04f 11
 797  4.3499183e+03 1.86e-09 9.22e+01  -8.6 5.18e-02  -2.5 1.06e-01 9.17e-04f  6
 798  4.3499145e+03 1.86e-09 9.16e+01  -8.6 7.91e-03  -0.3 9.59e-01 9.40e-04f 10
 799  4.3496359e+03 1.30e-06 8.48e+01  -8.6 3.11e+04    -  6.43e-01 7.44e-02f  1
iter    objective    inf_pr   inf_du lg(mu)  ||d||  lg(rg) alpha_du alpha_pr  ls
 800  4.3484582e+03 2.16e-05 4.95e+02  -8.6 1.24e+04    -  7.53e-01 3.48e-01f  1
 801  4.3474721e+03 2.09e-04 3.21e+04  -8.6 5.84e+04    -  8.56e-01 4.62e-01f  1
 802  4.3474704e+03 2.09e-04 3.20e+04  -8.6 5.46e-03  -0.8 9.03e-01 1.52e-03h  1
 803  4.3470876e+03 1.36e-04 2.09e+04  -8.6 9.34e-03  -1.2 8.79e-01 3.44e-01f  1
 804  4.3470852e+03 1.35e-04 1.94e+04  -8.6 3.88e+04    -  1.02e-01 3.39e-03h  1
 805  4.3470719e+03 1.33e-04 3.26e+04  -8.6 2.03e-02  -1.7 6.26e-02 1.88e-02h  1
 806  4.3470719e+03 1.33e-04 3.26e+04  -8.6 3.09e+07    -  3.78e-04 1.68e-09h  2
 807  4.3470467e+03 1.28e-04 1.84e+04  -8.6 4.42e-02  -2.2 2.55e-03 3.61e-02f  1
 808  4.3469152e+03 1.03e-04 7.32e+04  -8.6 7.12e-02  -2.7 3.27e-01 1.96e-01f  1
 809  4.3468078e+03 7.75e-05 1.07e+05  -8.6 7.99e-02  -3.2 4.51e-01 2.00e-01f  1
iter    objective    inf_pr   inf_du lg(mu)  ||d||  lg(rg) alpha_du alpha_pr  ls
 810  4.3464412e+03 2.30e-04 3.12e+04  -8.6 6.49e-02  -3.6 4.34e-01 8.68e-01f  1
 811  4.3464209e+03 1.29e-04 1.12e+04  -8.6 1.45e-02  -3.2 9.85e-01 4.60e-01h  1
 812  4.3464041e+03 3.18e-05 9.68e+03  -8.6 1.19e-02  -3.7 1.00e+00 7.71e-01f  1
 813  4.3464002e+03 2.79e-06 1.26e+03  -8.6 3.37e-03  -3.3 1.00e+00 9.01e-01h  1
 814  4.3463998e+03 2.71e-06 6.63e-01  -8.6 5.80e-03  -3.7 1.00e+00 1.00e+00h  1
 815  4.3463998e+03 1.18e-07 6.90e+00  -8.6 2.31e-03  -3.3 1.00e+00 9.91e-01h  1
 816  4.3463998e+03 4.59e-07 4.70e-03  -8.6 6.36e-03  -3.8 1.00e+00 1.00e+00f  1
 817  4.3463998e+03 5.94e-08 1.52e-03  -8.6 2.29e-03  -3.4 1.00e+00 1.00e+00h  1
 818  4.3463998e+03 4.17e-07 4.36e-03  -8.6 6.07e-03  -3.8 1.00e+00 1.00e+00h  1
 819  4.3463998e+03 7.43e-05 2.98e+03  -8.6 1.12e+05    -  1.22e-01 1.31e-02h  1
iter    objective    inf_pr   inf_du lg(mu)  ||d||  lg(rg) alpha_du alpha_pr  ls
 820  4.3463998e+03 7.38e-08 7.14e-04  -8.6 2.80e-03  -3.4 1.00e+00 1.00e+00f  1
 821  4.3463998e+03 1.57e-08 5.28e-03  -8.6 3.58e-03  -3.9 1.00e+00 1.00e+00h  1
 822  4.3463998e+03 7.45e-09 2.12e-03  -8.6 1.21e-03  -3.5 1.00e+00 1.00e+00h  1
 823  4.3463998e+03 1.49e-08 8.01e-03  -8.6 3.03e-03  -3.9 1.00e+00 1.00e+00h  1
 824  4.3463998e+03 1.05e-04 2.04e+04  -8.6 1.12e+05    -  1.00e+00 2.29e-01h  1
 825  4.3463998e+03 9.13e-05 9.93e+02  -8.6 7.29e-03  -3.5 1.00e+00 1.29e-01f  2
 826  4.3463998e+03 7.45e-09 5.47e-03  -8.6 1.52e-03  -4.0 1.00e+00 1.00e+00h  1
 827  4.3463998e+03 1.60e-08 6.42e-04  -8.6 2.89e-03  -3.6 1.00e+00 1.00e+00h  1
 828  4.3463998e+03 7.45e-09 1.21e-03  -8.6 5.94e-04  -3.1 1.00e+00 1.00e+00h  1
 829  4.3463998e+03 7.45e-09 1.69e-02  -8.6 1.40e-03  -3.6 1.00e+00 1.00e+00H  1
iter    objective    inf_pr   inf_du lg(mu)  ||d||  lg(rg) alpha_du alpha_pr  ls
 830  4.3463998e+03 1.16e-04 4.31e+03  -8.6 6.85e+04    -  1.00e+00 2.78e-01h  1
 831  4.3463998e+03 1.32e-08 4.99e-04  -8.6 1.48e-03  -3.2 1.00e+00 1.00e+00f  1
 832  4.3463997e+03 1.76e-04 5.05e+02  -8.6 4.92e+04    -  9.48e-01 1.00e+00h  1
 833  4.3463997e+03 1.67e-04 1.91e+03  -8.6 4.22e-03  -3.7 1.00e+00 5.12e-02h  1
 834  4.3463997e+03 1.42e-04 1.66e+04  -8.6 1.40e+05    -  1.00e+00 1.23e-01f  1
 835  4.3463997e+03 7.45e-09 3.92e-03  -8.6 4.17e-04  -3.2 1.00e+00 1.00e+00f  1
 836  4.3463997e+03 2.57e-05 1.46e+04  -8.6 1.23e+05    -  8.10e-01 1.39e-01h  1
 837  4.3463997e+03 2.57e-05 5.48e+02  -8.6 6.15e+04    -  1.00e+00 2.49e-04h  1
 838  4.3463997e+03 8.30e-06 4.53e+00  -8.6 9.39e+02    -  1.00e+00 1.00e+00f  1
 839  4.3463997e+03 1.18e-06 2.69e+00  -8.6 1.39e+02    -  1.00e+00 1.00e+00h  1
iter    objective    inf_pr   inf_du lg(mu)  ||d||  lg(rg) alpha_du alpha_pr  ls
 840  4.3463997e+03 2.24e-08 4.07e-02  -8.6 6.04e-01    -  1.00e+00 1.00e+00h  1
 841  4.3463997e+03 7.45e-09 1.48e-02  -8.6 4.45e+01    -  1.00e+00 1.00e+00H  1
 842  4.3463997e+03 7.45e-09 8.98e-06  -8.6 1.27e-05  -3.7 1.00e+00 1.00e+00h  1
 843  4.3463997e+03 1.45e-05 8.23e+03  -8.6 1.05e+05    -  7.51e-01 3.10e-01h  1
 844  4.3463997e+03 7.45e-09 3.60e-04  -8.6 3.85e-04  -3.3 1.00e+00 1.00e+00f  1
 845  4.3463997e+03 7.45e-09 6.38e-05  -8.6 2.92e-04  -3.8 1.00e+00 1.00e+00h  1
 846  4.3463997e+03 1.49e-08 2.34e-06  -8.6 8.84e-05  -3.3 1.00e+00 1.00e+00h  1
 847  4.3463997e+03 7.45e-09 2.89e-06  -8.6 1.22e-04  -3.8 1.00e+00 1.00e+00h  1
 848  4.3463997e+03 7.45e-09 1.24e-05  -8.6 3.28e-05  -3.4 1.00e+00 1.00e+00h  1
 849  4.3463997e+03 1.86e-09 3.10e-05  -8.6 5.12e-05  -3.9 1.00e+00 1.00e+00h  1
iter    objective    inf_pr   inf_du lg(mu)  ||d||  lg(rg) alpha_du alpha_pr  ls
 850  4.3463997e+03 7.45e-09 5.68e+01  -8.6 2.64e+02    -  1.00e+00 2.44e-04h 13
 851  4.3463997e+03 1.86e-09 5.40e+01  -8.6 3.08e+02    -  1.00e+00 9.77e-04h 11
 852  4.3463997e+03 9.31e-10 8.88e-06  -8.6 1.88e-05  -3.4 1.00e+00 1.00e+00h  1
 853  4.3463997e+03 9.31e-10 3.79e-01  -8.6 1.43e-04  -3.9 1.00e+00 1.95e-03h 10
 854r 4.3463997e+03 9.31e-10 1.00e+03  -8.6 0.00e+00    -  0.00e+00 4.77e-07R 22
 855r 4.3463997e+03 9.31e-10 9.38e+02  -8.6 3.20e-04  -2.0 9.19e-02 2.87e-14f 38
 856  4.3463996e+03 9.90e-08 3.49e+03  -8.6 3.93e+02    -  1.00e+00 1.00e+00h  1
 857  4.3463996e+03 4.56e-08 1.61e+03  -8.6 3.59e-03  -4.4 1.00e+00 5.39e-01h  1
 858  4.3463996e+03 4.28e-08 1.51e+03  -8.6 2.59e-04  -3.1 1.00e+00 6.25e-02f  5
 859  4.3463997e+03 7.45e-09 9.18e-03  -8.6 7.93e-04  -3.5 1.00e+00 1.00e+00h  1
iter    objective    inf_pr   inf_du lg(mu)  ||d||  lg(rg) alpha_du alpha_pr  ls
 860  4.3463997e+03 7.45e-09 6.21e-03  -8.6 4.66e-04  -3.1 1.00e+00 1.00e+00h  1
 861  4.3463997e+03 1.86e-09 2.86e+00  -8.6 1.73e-03  -3.6 5.15e-01 1.00e+00h  1
 862  4.3463997e+03 7.45e-09 1.11e+01  -8.6 4.79e-04  -3.2 1.00e+00 5.00e-01h  2
 863  4.3463997e+03 1.86e-09 4.33e+00  -8.6 1.55e-03  -3.7 1.00e+00 5.00e-01h  2
 864  4.3463997e+03 1.86e-09 1.33e-03  -8.6 5.87e-04  -3.2 1.00e+00 1.00e+00h  1
 865  4.3463997e+03 7.45e-09 2.21e-03  -8.6 1.68e-03  -3.7 1.00e+00 1.00e+00h  1
 866  4.3463997e+03 7.45e-09 4.47e-04  -8.6 6.06e-04  -3.3 1.00e+00 1.00e+00h  1
 867  4.3463996e+03 8.68e-07 1.36e+03  -8.6 2.01e+05    -  1.20e-01 2.92e-02h  1
 868  4.3463996e+03 5.99e-05 2.16e+03  -8.6 1.28e+06    -  1.84e-03 9.96e-03f  4
 869  4.3463996e+03 4.76e-05 1.81e+03  -8.6 9.07e-04  -2.9 5.79e-02 2.04e-01h  1
iter    objective    inf_pr   inf_du lg(mu)  ||d||  lg(rg) alpha_du alpha_pr  ls
 870  4.3463996e+03 4.61e-05 1.59e+03  -8.6 2.86e-03  -3.3 2.96e-01 3.18e-02f  2
 871  4.3463996e+03 2.64e-05 1.05e+03  -8.6 9.17e-04  -2.9 9.81e-02 4.28e-01h  1
 872  4.3463996e+03 2.64e-05 1.03e+03  -8.6 8.53e+04    -  7.04e-03 2.93e-03f  1
 873  4.3463996e+03 2.62e-05 1.01e+03  -8.6 1.85e-02  -3.4 2.64e-02 5.43e-03f  3
 874  4.3463996e+03 1.78e-06 1.44e+03  -8.6 2.73e+04    -  4.52e-01 1.94e-01h  2
 875  4.3463996e+03 1.78e-06 1.36e+03  -8.6 6.90e-01  -3.0 5.16e-01 8.75e-08h  2
 876  4.3463996e+03 7.45e-09 4.65e+01  -8.6 1.59e-03  -3.4 3.92e-01 1.00e+00h  1
 877  4.3463996e+03 1.86e-09 5.20e-03  -8.6 5.66e-04  -3.0 1.00e+00 1.00e+00h  1
 878  4.3463996e+03 1.01e-06 8.90e+02  -8.6 2.46e+04    -  7.74e-01 2.36e-02h  2
 879  4.3463996e+03 6.26e-07 6.26e+00  -8.6 2.30e-03  -3.5 1.00e+00 3.71e-01h  2
iter    objective    inf_pr   inf_du lg(mu)  ||d||  lg(rg) alpha_du alpha_pr  ls
 880  4.3463996e+03 3.73e-08 4.94e-01  -8.6 9.27e-04  -3.1 1.00e+00 9.48e-01h  1
 881  4.3463996e+03 7.45e-09 2.01e-02  -8.6 3.34e-03  -3.5 1.00e+00 1.00e+00f  1
 882  4.3463996e+03 6.09e-06 1.67e+03  -8.6 2.36e+04    -  7.92e-01 4.78e-01H  1
 883  4.3463996e+03 6.09e-06 2.32e+03  -8.6 2.47e+08    -  1.57e-04 3.74e-07h  2
 884  4.3463996e+03 6.10e-06 2.21e+03  -8.6 1.07e-03  -3.1 1.04e-01 2.47e-04h  2
 885  4.3463996e+03 3.32e-06 8.67e+02  -8.6 1.28e-03  -3.6 8.61e-01 4.55e-01h  1
 886  4.3463996e+03 1.94e-06 4.67e+02  -8.6 3.63e-04  -3.2 7.14e-01 4.16e-01f  2
 887  4.3463996e+03 7.45e-09 4.76e-03  -8.6 8.09e-04  -3.6 1.00e+00 1.00e+00h  1
 888  4.3463996e+03 1.49e-08 1.95e-04  -8.6 3.27e-05  -3.2 1.00e+00 1.00e+00h  1
 889  4.3463996e+03 7.45e-09 4.42e+00  -8.6 5.86e+06    -  1.07e-05 2.23e-06h 10
iter    objective    inf_pr   inf_du lg(mu)  ||d||  lg(rg) alpha_du alpha_pr  ls
 890  4.3463996e+03 1.49e-07 3.04e-02  -8.6 1.45e-03  -3.7 1.00e+00 1.00e+00H  1
 891  4.3463996e+03 1.19e-07 7.10e-01  -8.6 9.70e-04  -3.3 1.00e+00 2.50e-01h  3
 892  4.3463996e+03 1.19e-07 6.28e-01  -8.6 3.88e-04  -2.8 1.00e+00 7.81e-03h  8
 893  4.3463996e+03 7.45e-09 6.29e-03  -8.6 1.15e-03  -3.3 1.00e+00 1.00e+00h  1
 894  4.3463996e+03 7.45e-09 6.65e-03  -8.6 5.34e-04  -2.9 1.00e+00 1.00e+00H  1
 895  4.3463996e+03 7.45e-09 9.59e-03  -8.6 2.16e-03  -3.4 1.00e+00 1.00e+00h  1
 896  4.3463996e+03 7.45e-09 4.82e-02  -8.6 8.98e-04  -2.9 1.00e+00 1.25e-01h  4
 897  4.3463996e+03 1.86e-09 8.83e-02  -8.6 2.69e-03  -3.4 1.00e+00 5.00e-01h  2
 898  4.3463996e+03 9.31e-10 3.78e-03  -8.6 1.05e-03  -3.0 1.00e+00 1.00e+00h  1
 899  4.3463996e+03 3.20e-07 7.38e+03  -8.6 6.13e+04    -  9.68e-01 3.70e-02H  1
iter    objective    inf_pr   inf_du lg(mu)  ||d||  lg(rg) alpha_du alpha_pr  ls
 900  4.3463996e+03 7.45e-09 2.60e-03  -8.6 3.10e-03  -3.5 1.00e+00 1.00e+00f  1
 901  4.3463996e+03 7.45e-09 1.88e-04  -8.6 1.17e-03  -3.0 1.00e+00 1.00e+00h  1
 902  4.3463996e+03 7.45e-09 3.51e-01  -8.6 3.41e-03  -3.5 1.00e+00 3.05e-05h 16
 903  4.3463996e+03 9.31e-10 5.01e-01  -8.6 1.29e-03  -3.1 1.00e+00 1.25e-01h  4
 904  4.3463996e+03 9.31e-10 2.74e-01  -8.6 3.83e-03  -3.6 1.00e+00 3.91e-03h  9
 905  4.3463996e+03 9.31e-10 1.53e-01  -8.6 1.46e-03  -3.1 1.00e+00 3.91e-03h  9
 906  4.3463996e+03 9.31e-10 3.16e-01  -8.6 5.50e-04  -2.7 1.00e+00 1.95e-03h 10
 907  4.3463996e+03 9.31e-10 1.69e-01  -8.6 1.64e-03  -3.2 1.00e+00 1.95e-03h 10
 908  4.3463996e+03 9.31e-10 3.00e-01  -8.6 6.18e-04  -2.8 1.00e+00 4.88e-04h 12
 909  4.3463996e+03 6.15e-06 5.93e+03  -8.6 5.84e+04    -  9.67e-01 1.69e-01h  1
iter    objective    inf_pr   inf_du lg(mu)  ||d||  lg(rg) alpha_du alpha_pr  ls
 910  4.3463996e+03 7.45e-09 9.46e-03  -8.6 1.21e-03  -3.2 1.00e+00 1.00e+00f  1
 911  4.3463996e+03 7.45e-09 2.58e-03  -8.6 3.21e-04  -2.8 1.00e+00 1.00e+00h  1
 912  4.3463996e+03 9.31e-10 4.54e-03  -8.6 5.63e-04  -3.3 1.00e+00 1.00e+00h  1
 913  4.3463996e+03 7.45e-09 4.89e-04  -8.6 6.11e-05  -2.9 1.00e+00 1.00e+00h  1
 914  4.3463996e+03 7.45e-09 2.08e-03  -8.6 2.62e-04  -3.3 1.00e+00 1.00e+00h  1
 915  4.3463996e+03 7.45e-09 2.02e-03  -8.6 2.60e-04  -2.9 1.00e+00 1.00e+00h  1
 916  4.3463996e+03 1.85e-06 2.91e+02  -8.6 9.55e+03    -  1.00e+00 1.00e+00H  1
 917  4.3463996e+03 7.45e-09 4.81e-02  -8.6 6.61e-04  -3.4 9.09e-01 1.00e+00h  1
 918  4.3463996e+03 7.45e-09 5.06e-03  -8.6 4.90e-04  -3.0 1.00e+00 1.00e+00h  1
 919  4.3463996e+03 1.86e-09 2.06e-02  -8.6 2.15e-03  -3.4 1.00e+00 1.00e+00h  1
iter    objective    inf_pr   inf_du lg(mu)  ||d||  lg(rg) alpha_du alpha_pr  ls
 920  4.3463996e+03 1.86e-09 4.48e-01  -8.6 1.05e-03  -3.0 1.00e+00 1.56e-02h  7
 921  4.3463996e+03 1.86e-09 5.62e-01  -8.6 3.09e-03  -3.5 1.00e+00 6.10e-05h 15
 922  4.3463996e+03 7.45e-09 1.06e-02  -8.6 1.18e-03  -3.1 1.00e+00 1.00e+00s 22
 923r 4.3463996e+03 7.45e-09 1.00e+03  -8.1 0.00e+00    -  0.00e+00 0.00e+00R  1
 924r 4.3463996e+03 7.45e-09 9.67e+02  -8.1 5.96e-04  -2.0 6.98e-02 9.75e-04f  1
 925r 4.3463996e+03 3.73e-09 9.28e+02  -8.1 3.77e-04  -1.6 1.19e-01 6.10e-02H  1
 926r 4.3463996e+03 1.86e-09 1.76e+03  -8.1 3.07e-04  -1.1 5.14e-01 1.19e-02h  5
 927r 4.3463996e+03 3.73e-09 1.58e+03  -8.1 2.85e-04  -1.6 1.55e-01 2.48e-03h  9
 928r 4.3463996e+03 1.86e-09 1.25e+03  -8.1 3.59e-04  -2.1 2.40e-01 1.71e-04h 13
 929r 4.3463996e+03 1.86e-09 1.20e+03  -8.1 3.79e-04  -1.7 1.08e-01 6.12e-03h  8
iter    objective    inf_pr   inf_du lg(mu)  ||d||  lg(rg) alpha_du alpha_pr  ls
 930r 4.3463996e+03 1.86e-09 1.33e+03  -8.1 3.19e-04  -1.3 1.84e-01 7.94e-04h 11
 931r 4.3463996e+03 1.86e-09 1.26e+03  -8.1 3.60e-04  -1.7 1.03e-01 3.35e-03h  9
 932r 4.3463997e+03 3.16e-08 5.84e+02  -8.1 3.09e-04  -1.3 1.46e-01 4.39e-01h  2
 933r 4.3463998e+03 3.04e-08 2.42e+02  -8.1 3.22e-04  -1.8 4.49e-01 1.20e-01h  4
 934r 4.3463999e+03 4.97e-08 1.43e+02  -8.1 5.23e-04  -2.3 3.02e-01 2.50e-01h  3
 935r 4.3464001e+03 8.40e-08 7.66e+01  -8.1 9.53e-04  -2.7 5.20e-01 2.50e-01h  3
 936r 4.3464019e+03 2.28e-06 2.64e+02  -8.1 1.84e-03  -3.2 3.12e-01 1.00e+00w  1
 937r 4.3464050e+03 2.86e-06 8.25e+01  -8.1 2.72e-03  -3.7 7.34e-01 1.00e+00h  1
 938r 4.3464162e+03 3.29e-06 1.01e+01  -8.1 2.02e-03  -3.3 4.22e-01 1.00e+00h  1
 939r 4.3464308e+03 4.06e-06 1.66e+01  -8.1 3.60e-03  -3.7 7.22e-01 1.00e+00h  1
iter    objective    inf_pr   inf_du lg(mu)  ||d||  lg(rg) alpha_du alpha_pr  ls
 940r 4.3464421e+03 7.80e-07 1.51e+01  -8.1 2.17e-03  -3.3 4.16e-01 1.00e+00h  1
 941r 4.3464599e+03 1.13e-06 1.09e+01  -8.1 3.71e-03  -3.8 6.89e-01 1.00e+00h  1
 942r 4.3464923e+03 9.73e-07 1.34e+01  -8.1 3.56e-03  -3.4 4.04e-01 1.00e+00h  1
 943r 4.3465469e+03 1.38e-06 7.87e+00  -8.1 4.93e-03  -3.8 6.68e-01 1.00e+00h  1
 944r 4.3466895e+03 3.51e-07 3.80e+00  -8.1 2.15e-03  -3.4 4.36e-01 1.00e+00h  1
 945r 4.3469386e+03 1.04e-06 2.96e+00  -8.1 3.93e-03  -3.9 6.84e-01 1.00e+00h  1
 946r 4.3475642e+03 5.87e-07 5.13e+00  -8.1 2.58e-03  -3.5 4.72e-01 9.43e-01h  1
 947r 4.3483694e+03 1.25e-06 4.23e-01  -8.1 3.27e-03  -3.9 9.45e-01 1.00e+00h  1
 948r 4.3483694e+03 1.25e-06 1.08e+02  -8.1 1.09e-02  -4.4 1.45e-01 8.18e-07h 19
 949r 4.3480694e+03 1.11e-06 9.49e+01  -8.1 5.26e-03  -4.0 1.11e-01 1.47e-01h  2
iter    objective    inf_pr   inf_du lg(mu)  ||d||  lg(rg) alpha_du alpha_pr  ls
 950r 4.3480052e+03 1.11e-06 1.17e+02  -8.1 2.26e+00  -3.6 3.17e-04 6.62e-05h  2
 951r 4.3481950e+03 9.41e-07 9.43e+01  -8.1 2.87e-03  -2.2 1.93e-01 1.52e-01h  1
 952r 4.3481320e+03 4.64e-07 4.15e+01  -8.1 3.22e-04  -1.8 5.60e-01 5.08e-01h  1
 953r 4.3477611e+03 2.23e-07 1.74e+01  -8.1 1.71e-03  -2.3 5.82e-01 5.28e-01h  1
 954r 4.3478096e+03 2.08e-07 1.72e+01  -8.1 1.77e-03  -2.8 9.01e-03 6.85e-02h  1
 955r 4.3479397e+03 9.07e-08 8.44e-03  -8.1 1.22e-03  -3.2 1.00e+00 1.00e+00h  1
 956r 4.3482013e+03 1.93e-07 8.60e-01  -8.1 3.83e-03  -3.7 5.97e-01 1.00e+00h  1
 957r 4.3484593e+03 7.36e-08 1.58e+00  -8.1 1.33e-03  -3.3 5.64e-01 1.00e+00h  1
 958r 4.3488547e+03 9.64e-08 1.50e+00  -8.1 3.69e-03  -3.8 5.87e-01 9.11e-01h  1
 959r 4.3490661e+03 6.15e-07 2.89e-03  -8.1 4.83e-04  -2.4 1.00e+00 1.00e+00h  1
iter    objective    inf_pr   inf_du lg(mu)  ||d||  lg(rg) alpha_du alpha_pr  ls
 960r 4.3493702e+03 7.45e-09 5.31e-01  -8.1 6.82e-04  -2.9 7.81e-01 1.00e+00h  1
 961r 4.3498055e+03 2.15e-08 2.15e-03  -8.1 1.43e-03  -3.4 1.00e+00 1.00e+00h  1
 962r 4.3499695e+03 7.45e-09 8.95e-04  -8.1 5.53e-04  -3.0 1.00e+00 1.00e+00h  1
 963r 4.3499773e+03 7.45e-09 4.43e-05  -8.1 2.68e-05  -1.6 1.00e+00 1.00e+00h  1
 964r 4.3499860e+03 1.10e-08 5.49e-05  -8.1 3.12e-05  -1.7 1.00e+00 1.00e+00h  1
 965r 4.3500109e+03 7.45e-09 1.74e-04  -8.1 9.69e-05  -2.2 1.00e+00 1.00e+00h  1
 966r 4.3500131e+03 1.86e-09 1.81e+00  -8.1 3.79e-05  -1.7 1.00e+00 2.50e-01h  3
 967r 4.3500164e+03 1.86e-09 2.67e-05  -8.1 1.43e-05  -1.3 1.00e+00 1.00e+00h  1
 968r 4.3500216e+03 1.86e-09 8.95e-01  -8.1 4.43e-05  -1.8 1.00e+00 5.00e-01h  2
 969r 4.3500252e+03 1.86e-09 1.40e-04  -8.1 1.70e-05  -1.4 1.00e+00 1.00e+00H  1
iter    objective    inf_pr   inf_du lg(mu)  ||d||  lg(rg) alpha_du alpha_pr  ls
 970r 4.3500305e+03 1.86e-09 1.27e+00  -8.1 5.81e-05  -1.8 1.00e+00 5.00e-01h  2
 971r 4.3500307e+03 1.86e-09 1.49e+00  -8.1 1.78e-04  -2.3 1.00e+00 7.81e-03h  8
 972r 4.3501079e+03 1.86e-09 4.86e-03  -8.1 5.30e-04  -2.8 1.00e+00 1.00e+00H  1
 973r 4.3501435e+03 1.86e-09 4.76e-01  -8.1 1.79e-03  -3.3 1.00e+00 2.50e-01h  3
 974r 4.3502050e+03 3.73e-09 2.50e-03  -8.1 6.76e-04  -2.9 1.00e+00 1.00e+00H  1
 975r 4.3502080e+03 1.86e-09 3.94e-05  -8.1 3.33e-05  -1.5 1.00e+00 1.00e+00h  1
 976r 4.3502081e+03 1.86e-09 6.07e-01  -8.1 1.02e-04  -2.0 1.00e+00 7.81e-03h  8
 977r 4.3502081e+03 3.73e-09 5.14e+00  -8.1 3.04e-04  -2.5 1.00e+00 2.44e-04h 13
 978r 4.3502654e+03 3.73e-09 1.57e-03  -8.1 9.13e-04  -3.0 1.00e+00 1.00e+00H  1
 979r 4.3502654e+03 3.73e-09 2.11e+00  -8.1 4.41e-05  -1.6 1.00e+00 2.44e-04h 13
iter    objective    inf_pr   inf_du lg(mu)  ||d||  lg(rg) alpha_du alpha_pr  ls
 980r 4.3502654e+03 3.73e-09 1.51e+00  -8.1 1.32e-04  -2.1 1.00e+00 1.53e-05h 17
 981r 4.3502655e+03 3.73e-09 2.08e+00  -8.1 4.96e-05  -1.7 1.00e+00 7.81e-03h  8
 982r 4.3502655e+03 3.73e-09 6.00e+01  -8.1 1.46e-04  -2.2 1.00e+00 2.44e-04h 13
 983r 4.3502655e+03 3.73e-09 2.10e+00  -8.1 5.58e-05  -1.7 1.00e+00 2.44e-04h 13
 984r 4.3502655e+03 1.86e-09 2.02e+00  -8.1 2.09e-05  -1.3 1.00e+00 3.12e-02h  6
 985r 4.3502673e+03 1.86e-09 5.97e-01  -8.1 6.25e-05  -1.8 1.00e+00 5.00e-01h  2
 986r 4.3502673e+03 1.86e-09 1.58e+00  -8.1 2.35e-05  -1.4 1.00e+00 7.81e-03h  8
 987r 4.3502673e+03 1.86e-09 5.91e-01  -8.1 7.06e-05  -1.8 1.00e+00 3.91e-03h  9
 988r 4.3502674e+03 1.86e-09 1.37e+00  -8.1 2.65e-05  -1.4 1.00e+00 6.25e-02h  5
 989r 4.3502720e+03 1.86e-09 6.14e-05  -8.1 7.96e-05  -1.9 1.00e+00 1.00e+00w  1
iter    objective    inf_pr   inf_du lg(mu)  ||d||  lg(rg) alpha_du alpha_pr  ls
 990r 4.3502856e+03 7.45e-09 1.75e-04  -8.1 2.41e-04  -2.4 1.00e+00 1.00e+00w  1
 991r 4.3503206e+03 9.31e-10 3.20e-04  -8.1 7.26e-04  -2.8 1.00e+00 1.00e+00w  1
 992r 4.3503222e+03 3.73e-09 1.42e-05  -8.1 3.42e-05  -1.5 1.00e+00 1.00e+00h  1
 993r 4.3503224e+03 3.73e-09 1.67e+00  -8.1 1.03e-04  -2.0 1.00e+00 3.12e-02h  6
 994r 4.3503224e+03 1.86e-09 7.34e+00  -8.1 3.84e-05  -1.6 1.00e+00 4.88e-04h 12
 995r 4.3503286e+03 7.45e-09 4.16e-05  -8.1 1.16e-04  -2.0 1.00e+00 1.00e+00h  1
 996r 4.3503289e+03 3.73e-09 4.30e-06  -8.1 5.44e-06  -0.7 1.00e+00 1.00e+00H  1
 997r 4.3503289e+03 3.73e-09 1.90e+00  -8.1 1.65e-05  -1.2 1.00e+00 3.91e-03h  9
 998r 4.3503289e+03 3.73e-09 1.90e+00  -8.1 4.96e-05  -1.7 1.00e+00 4.88e-04h 12
 999r 4.3503317e+03 1.86e-09 9.53e-01  -8.1 1.49e-04  -2.1 1.00e+00 5.00e-01h  2
iter    objective    inf_pr   inf_du lg(mu)  ||d||  lg(rg) alpha_du alpha_pr  ls
1000r 4.3503317e+03 1.86e-09 1.06e+00  -8.1 5.57e-05  -1.7 1.00e+00 1.56e-02h  7
1001r 4.3503317e+03 1.86e-09 8.17e-01  -8.1 2.09e-05  -1.3 1.00e+00 4.88e-04h 12
1002r 4.3503317e+03 1.86e-09 1.07e+02  -8.1 6.40e-05  -1.8 4.54e-01 1.17e-04h 14
1003r 4.3503317e+03 1.86e-09 7.29e-01  -8.1 2.35e-05  -1.3 1.00e+00 1.22e-04h 14
1004r 4.3503351e+03 7.45e-09 2.67e-05  -8.1 7.05e-05  -1.8 1.00e+00 1.00e+00s 22
Restoration phase converged to a point with small primal infeasibility.

Number of Iterations....: 1004

                                   (scaled)                 (unscaled)
Objective...............:   2.2851974580155746e+02    4.3503351098428357e+03
Dual infeasibility......:   9.1442138440926925e+01    1.7407858738129332e+03
Constraint violation....:   7.4505805969238281e-09    7.4505805969238281e-09
Complementarity.........:   7.4506546097446979e-09    1.4183826533848624e-07
Overall NLP error.......:   9.1442138440926925e+01    1.7407858738129332e+03


Number of objective function evaluations             = 2510
Number of objective gradient evaluations             = 817
Number of equality constraint evaluations            = 2510
Number of inequality constraint evaluations          = 0
Number of equality constraint Jacobian evaluations   = 1034
Number of inequality constraint Jacobian evaluations = 0
Number of Lagrangian Hessian evaluations             = 1005
Total CPU secs in IPOPT (w/o function evaluations)   =     68.216
Total CPU secs in NLP function evaluations           =      2.587

EXIT: Restoration Failed!

